This is pdfTeX, Version 3.141592653-2.6-1.40.24 (MiKTeX 22.7.25 NEXT) (preloaded format=pdflatex 2022.9.4)  28 OCT 2022 23:10
entering extended mode
 restricted \write18 enabled.
 file:line:error style messages enabled.
 %&-line parsing enabled.
**c:/Users/fruuu/Usefull/latex/theory/discrete/discrete.tex
(c:/Users/fruuu/Usefull/latex/theory/discrete/discrete.tex
LaTeX2e <2022-06-01> patch level 5
L3 programming layer <2022-08-23> (core.tex (C:\Users\fruuu\AppData\Local\Programs\MiKTeX\tex/latex/base\article.cls
Document Class: article 2021/10/04 v1.4n Standard LaTeX document class
(C:\Users\fruuu\AppData\Local\Programs\MiKTeX\tex/latex/base\size12.clo
File: size12.clo 2021/10/04 v1.4n Standard LaTeX file (size option)
)
\c@part=\count185
\c@section=\count186
\c@subsection=\count187
\c@subsubsection=\count188
\c@paragraph=\count189
\c@subparagraph=\count190
\c@figure=\count191
\c@table=\count192
\abovecaptionskip=\skip47
\belowcaptionskip=\skip48
\bibindent=\dimen138
) (C:\Users\fruuu\AppData\Local\Programs\MiKTeX\tex/latex/base\inputenc.sty
Package: inputenc 2021/02/14 v1.3d Input encoding file
\inpenc@prehook=\toks16
\inpenc@posthook=\toks17
) (C:\Users\fruuu\AppData\Local\Programs\MiKTeX\tex/latex/cmap\cmap.sty
Package: cmap 2021/02/06 v1.0j CMap support: searchable PDF
) (C:\Users\fruuu\AppData\Local\Programs\MiKTeX\tex/generic/babel\babel.sty
Package: babel 2022/07/20 3.78 The Babel package
\babel@savecnt=\count193
\U@D=\dimen139
\l@unhyphenated=\language79
 (C:\Users\fruuu\AppData\Local\Programs\MiKTeX\tex/generic/babel\txtbabel.def)
\bbl@readstream=\read2
\bbl@dirlevel=\count194

*************************************
* Local config file bblopts.cfg used
*
(C:\Users\fruuu\AppData\Local\Programs\MiKTeX\tex/latex/arabi\bblopts.cfg
File: bblopts.cfg 2005/09/08 v0.1 add Arabic and Farsi to "declared" options of babel
) (C:\Users\fruuu\AppData\Local\Programs\MiKTeX\tex/latex/babel-russian\russianb.ldf
File: russianb.ldf 2021/01/10 1.3m Russian support for the Babel system
Language: russian 2020/09/09 1.3k Russian support for the Babel system


Package babel Warning: No Cyrillic font encoding has been loaded so far.
(babel)                A font encoding should be declared before babel.
(babel)                Default `T2A' encoding will be loaded  on input line 78.

(C:\Users\fruuu\AppData\Local\Programs\MiKTeX\tex/latex/cyrillic\t2aenc.def
File: t2aenc.def 2022/06/11 v1.0j Cyrillic encoding definition file
Now handling font encoding T2A ...
... processing UTF-8 mapping file for font encoding T2A
 (C:\Users\fruuu\AppData\Local\Programs\MiKTeX\tex/latex/base\t2aenc.dfu
File: t2aenc.dfu 2022/06/07 v1.3c UTF-8 support
   defining Unicode char U+00A4 (decimal 164)
   defining Unicode char U+00A7 (decimal 167)
   defining Unicode char U+00AB (decimal 171)
   defining Unicode char U+00BB (decimal 187)
   defining Unicode char U+0131 (decimal 305)
   defining Unicode char U+0237 (decimal 567)
   defining Unicode char U+0400 (decimal 1024)
   defining Unicode char U+0401 (decimal 1025)
   defining Unicode char U+0402 (decimal 1026)
   defining Unicode char U+0403 (decimal 1027)
   defining Unicode char U+0404 (decimal 1028)
   defining Unicode char U+0405 (decimal 1029)
   defining Unicode char U+0406 (decimal 1030)
   defining Unicode char U+0407 (decimal 1031)
   defining Unicode char U+0408 (decimal 1032)
   defining Unicode char U+0409 (decimal 1033)
   defining Unicode char U+040A (decimal 1034)
   defining Unicode char U+040B (decimal 1035)
   defining Unicode char U+040C (decimal 1036)
   defining Unicode char U+040D (decimal 1037)
   defining Unicode char U+040E (decimal 1038)
   defining Unicode char U+040F (decimal 1039)
   defining Unicode char U+0410 (decimal 1040)
   defining Unicode char U+0411 (decimal 1041)
   defining Unicode char U+0412 (decimal 1042)
   defining Unicode char U+0413 (decimal 1043)
   defining Unicode char U+0414 (decimal 1044)
   defining Unicode char U+0415 (decimal 1045)
   defining Unicode char U+0416 (decimal 1046)
   defining Unicode char U+0417 (decimal 1047)
   defining Unicode char U+0418 (decimal 1048)
   defining Unicode char U+0419 (decimal 1049)
   defining Unicode char U+041A (decimal 1050)
   defining Unicode char U+041B (decimal 1051)
   defining Unicode char U+041C (decimal 1052)
   defining Unicode char U+041D (decimal 1053)
   defining Unicode char U+041E (decimal 1054)
   defining Unicode char U+041F (decimal 1055)
   defining Unicode char U+0420 (decimal 1056)
   defining Unicode char U+0421 (decimal 1057)
   defining Unicode char U+0422 (decimal 1058)
   defining Unicode char U+0423 (decimal 1059)
   defining Unicode char U+0424 (decimal 1060)
   defining Unicode char U+0425 (decimal 1061)
   defining Unicode char U+0426 (decimal 1062)
   defining Unicode char U+0427 (decimal 1063)
   defining Unicode char U+0428 (decimal 1064)
   defining Unicode char U+0429 (decimal 1065)
   defining Unicode char U+042A (decimal 1066)
   defining Unicode char U+042B (decimal 1067)
   defining Unicode char U+042C (decimal 1068)
   defining Unicode char U+042D (decimal 1069)
   defining Unicode char U+042E (decimal 1070)
   defining Unicode char U+042F (decimal 1071)
   defining Unicode char U+0430 (decimal 1072)
   defining Unicode char U+0431 (decimal 1073)
   defining Unicode char U+0432 (decimal 1074)
   defining Unicode char U+0433 (decimal 1075)
   defining Unicode char U+0434 (decimal 1076)
   defining Unicode char U+0435 (decimal 1077)
   defining Unicode char U+0436 (decimal 1078)
   defining Unicode char U+0437 (decimal 1079)
   defining Unicode char U+0438 (decimal 1080)
   defining Unicode char U+0439 (decimal 1081)
   defining Unicode char U+043A (decimal 1082)
   defining Unicode char U+043B (decimal 1083)
   defining Unicode char U+043C (decimal 1084)
   defining Unicode char U+043D (decimal 1085)
   defining Unicode char U+043E (decimal 1086)
   defining Unicode char U+043F (decimal 1087)
   defining Unicode char U+0440 (decimal 1088)
   defining Unicode char U+0441 (decimal 1089)
   defining Unicode char U+0442 (decimal 1090)
   defining Unicode char U+0443 (decimal 1091)
   defining Unicode char U+0444 (decimal 1092)
   defining Unicode char U+0445 (decimal 1093)
   defining Unicode char U+0446 (decimal 1094)
   defining Unicode char U+0447 (decimal 1095)
   defining Unicode char U+0448 (decimal 1096)
   defining Unicode char U+0449 (decimal 1097)
   defining Unicode char U+044A (decimal 1098)
   defining Unicode char U+044B (decimal 1099)
   defining Unicode char U+044C (decimal 1100)
   defining Unicode char U+044D (decimal 1101)
   defining Unicode char U+044E (decimal 1102)
   defining Unicode char U+044F (decimal 1103)
   defining Unicode char U+0450 (decimal 1104)
   defining Unicode char U+0451 (decimal 1105)
   defining Unicode char U+0452 (decimal 1106)
   defining Unicode char U+0453 (decimal 1107)
   defining Unicode char U+0454 (decimal 1108)
   defining Unicode char U+0455 (decimal 1109)
   defining Unicode char U+0456 (decimal 1110)
   defining Unicode char U+0457 (decimal 1111)
   defining Unicode char U+0458 (decimal 1112)
   defining Unicode char U+0459 (decimal 1113)
   defining Unicode char U+045A (decimal 1114)
   defining Unicode char U+045B (decimal 1115)
   defining Unicode char U+045C (decimal 1116)
   defining Unicode char U+045D (decimal 1117)
   defining Unicode char U+045E (decimal 1118)
   defining Unicode char U+045F (decimal 1119)
   defining Unicode char U+0490 (decimal 1168)
   defining Unicode char U+0491 (decimal 1169)
   defining Unicode char U+0492 (decimal 1170)
   defining Unicode char U+0493 (decimal 1171)
   defining Unicode char U+0496 (decimal 1174)
   defining Unicode char U+0497 (decimal 1175)
   defining Unicode char U+0498 (decimal 1176)
   defining Unicode char U+0499 (decimal 1177)
   defining Unicode char U+049A (decimal 1178)
   defining Unicode char U+049B (decimal 1179)
   defining Unicode char U+049C (decimal 1180)
   defining Unicode char U+049D (decimal 1181)
   defining Unicode char U+04A0 (decimal 1184)
   defining Unicode char U+04A1 (decimal 1185)
   defining Unicode char U+04A2 (decimal 1186)
   defining Unicode char U+04A3 (decimal 1187)
   defining Unicode char U+04A4 (decimal 1188)
   defining Unicode char U+04A5 (decimal 1189)
   defining Unicode char U+04AA (decimal 1194)
   defining Unicode char U+04AB (decimal 1195)
   defining Unicode char U+04AE (decimal 1198)
   defining Unicode char U+04AF (decimal 1199)
   defining Unicode char U+04B0 (decimal 1200)
   defining Unicode char U+04B1 (decimal 1201)
   defining Unicode char U+04B2 (decimal 1202)
   defining Unicode char U+04B3 (decimal 1203)
   defining Unicode char U+04B6 (decimal 1206)
   defining Unicode char U+04B7 (decimal 1207)
   defining Unicode char U+04B8 (decimal 1208)
   defining Unicode char U+04B9 (decimal 1209)
   defining Unicode char U+04BA (decimal 1210)
   defining Unicode char U+04BB (decimal 1211)
   defining Unicode char U+04C0 (decimal 1216)
   defining Unicode char U+04C1 (decimal 1217)
   defining Unicode char U+04C2 (decimal 1218)
   defining Unicode char U+04D0 (decimal 1232)
   defining Unicode char U+04D1 (decimal 1233)
   defining Unicode char U+04D2 (decimal 1234)
   defining Unicode char U+04D3 (decimal 1235)
   defining Unicode char U+04D4 (decimal 1236)
   defining Unicode char U+04D5 (decimal 1237)
   defining Unicode char U+04D6 (decimal 1238)
   defining Unicode char U+04D7 (decimal 1239)
   defining Unicode char U+04D8 (decimal 1240)
   defining Unicode char U+04D9 (decimal 1241)
   defining Unicode char U+04DA (decimal 1242)
   defining Unicode char U+04DB (decimal 1243)
   defining Unicode char U+04DC (decimal 1244)
   defining Unicode char U+04DD (decimal 1245)
   defining Unicode char U+04DE (decimal 1246)
   defining Unicode char U+04DF (decimal 1247)
   defining Unicode char U+04E2 (decimal 1250)
   defining Unicode char U+04E3 (decimal 1251)
   defining Unicode char U+04E4 (decimal 1252)
   defining Unicode char U+04E5 (decimal 1253)
   defining Unicode char U+04E6 (decimal 1254)
   defining Unicode char U+04E7 (decimal 1255)
   defining Unicode char U+04E8 (decimal 1256)
   defining Unicode char U+04E9 (decimal 1257)
   defining Unicode char U+04EC (decimal 1260)
   defining Unicode char U+04ED (decimal 1261)
   defining Unicode char U+04EE (decimal 1262)
   defining Unicode char U+04EF (decimal 1263)
   defining Unicode char U+04F0 (decimal 1264)
   defining Unicode char U+04F1 (decimal 1265)
   defining Unicode char U+04F2 (decimal 1266)
   defining Unicode char U+04F3 (decimal 1267)
   defining Unicode char U+04F4 (decimal 1268)
   defining Unicode char U+04F5 (decimal 1269)
   defining Unicode char U+04F8 (decimal 1272)
   defining Unicode char U+04F9 (decimal 1273)
   defining Unicode char U+200C (decimal 8204)
   defining Unicode char U+2013 (decimal 8211)
   defining Unicode char U+2014 (decimal 8212)
   defining Unicode char U+2018 (decimal 8216)
   defining Unicode char U+2019 (decimal 8217)
   defining Unicode char U+201C (decimal 8220)
   defining Unicode char U+201D (decimal 8221)
   defining Unicode char U+201E (decimal 8222)
   defining Unicode char U+2030 (decimal 8240)
   defining Unicode char U+2031 (decimal 8241)
   defining Unicode char U+2116 (decimal 8470)
   defining Unicode char U+2329 (decimal 9001)
   defining Unicode char U+3008 (decimal 12296)
   defining Unicode char U+232A (decimal 9002)
   defining Unicode char U+3009 (decimal 12297)
   defining Unicode char U+2423 (decimal 9251)
   defining Unicode char U+27E8 (decimal 10216)
   defining Unicode char U+27E9 (decimal 10217)
   defining Unicode char U+FB00 (decimal 64256)
   defining Unicode char U+FB01 (decimal 64257)
   defining Unicode char U+FB02 (decimal 64258)
   defining Unicode char U+FB03 (decimal 64259)
   defining Unicode char U+FB04 (decimal 64260)
   defining Unicode char U+FB05 (decimal 64261)
   defining Unicode char U+FB06 (decimal 64262)
))
Package babel Info: Making " an active character on input line 124.
Package babel Info: Default for \cyrdash is provided on input line 163.
)) (C:\Users\fruuu\AppData\Local\Programs\MiKTeX\tex/generic/babel/locale/ru\babel-russian.tex
Package babel Info: Importing font and identification data for russian
(babel)             from babel-ru.ini. Reported on input line 11.
) (C:\Users\fruuu\AppData\Local\Programs\MiKTeX\tex/latex/tools\xspace.sty
Package: xspace 2014/10/28 v1.13 Space after command names (DPC,MH)
) (C:\Users\fruuu\AppData\Local\Programs\MiKTeX\tex/latex/oberdiek\centernot.sty
Package: centernot 2016/05/16 v1.4 Centers the not symbol horizontally (HO)
) (C:\Users\fruuu\AppData\Local\Programs\MiKTeX\tex/latex/geometry\geometry.sty
Package: geometry 2020/01/02 v5.9 Page Geometry
 (C:\Users\fruuu\AppData\Local\Programs\MiKTeX\tex/latex/graphics\keyval.sty
Package: keyval 2022/05/29 v1.15 key=value parser (DPC)
\KV@toks@=\toks18
) (C:\Users\fruuu\AppData\Local\Programs\MiKTeX\tex/generic/iftex\ifvtex.sty
Package: ifvtex 2019/10/25 v1.7 ifvtex legacy package. Use iftex instead.
 (C:\Users\fruuu\AppData\Local\Programs\MiKTeX\tex/generic/iftex\iftex.sty
Package: iftex 2022/02/03 v1.0f TeX engine tests
))
\Gm@cnth=\count195
\Gm@cntv=\count196
\c@Gm@tempcnt=\count197
\Gm@bindingoffset=\dimen140
\Gm@wd@mp=\dimen141
\Gm@odd@mp=\dimen142
\Gm@even@mp=\dimen143
\Gm@layoutwidth=\dimen144
\Gm@layoutheight=\dimen145
\Gm@layouthoffset=\dimen146
\Gm@layoutvoffset=\dimen147
\Gm@dimlist=\toks19
 (C:\Users\fruuu\AppData\Local\Programs\MiKTeX\tex/latex/geometry\geometry.cfg)) (C:\Users\fruuu\AppData\Local\Programs\MiKTeX\tex/latex/parskip\parskip.sty
Package: parskip 2021-03-14 v2.0h non-zero parskip adjustments
 (C:\Users\fruuu\AppData\Local\Programs\MiKTeX\tex/latex/kvoptions\kvoptions.sty
Package: kvoptions 2022-06-15 v3.15 Key value format for package options (HO)
 (C:\Users\fruuu\AppData\Local\Programs\MiKTeX\tex/generic/ltxcmds\ltxcmds.sty
Package: ltxcmds 2020-05-10 v1.25 LaTeX kernel commands for general use (HO)
) (C:\Users\fruuu\AppData\Local\Programs\MiKTeX\tex/generic/kvsetkeys\kvsetkeys.sty
Package: kvsetkeys 2019/12/15 v1.18 Key value parser (HO)
)) (C:\Users\fruuu\AppData\Local\Programs\MiKTeX\tex/latex/etoolbox\etoolbox.sty
Package: etoolbox 2020/10/05 v2.5k e-TeX tools for LaTeX (JAW)
\etb@tempcnta=\count198
)) (C:\Users\fruuu\AppData\Local\Programs\MiKTeX\tex/latex/tools\indentfirst.sty
Package: indentfirst 1995/11/23 v1.03 Indent first paragraph (DPC)
) (C:\Users\fruuu\AppData\Local\Programs\MiKTeX\tex/latex/fancyhdr\fancyhdr.sty
Package: fancyhdr 2022/05/18 v4.0.3 Extensive control of page headers and footers
\f@nch@headwidth=\skip49
\f@nch@O@elh=\skip50
\f@nch@O@erh=\skip51
\f@nch@O@olh=\skip52
\f@nch@O@orh=\skip53
\f@nch@O@elf=\skip54
\f@nch@O@erf=\skip55
\f@nch@O@olf=\skip56
\f@nch@O@orf=\skip57
) (C:\Users\fruuu\AppData\Local\Programs\MiKTeX\tex/latex/import\import.sty
Package: import 2020/04/01  v 6.2
) (C:\Users\fruuu\AppData\Local\Programs\MiKTeX\tex/latex/stackengine\stackengine.sty
Package: stackengine 2021/07/22 v4.11\ Stacking text and objects in convenient ways
 (C:\Users\fruuu\AppData\Local\Programs\MiKTeX\tex/latex/listofitems\listofitems.sty (C:\Users\fruuu\AppData\Local\Programs\MiKTeX\tex/generic/listofitems\listofitems.tex
\loi_cnt_foreach_nest=\count199
\loi_nestcnt=\count266
)
Package: listofitems 2019/08/21 v1.63 Grab items in lists using user-specified sep char (CT)
) (C:\Users\fruuu\AppData\Local\Programs\MiKTeX\tex/latex/tools\calc.sty
Package: calc 2017/05/25 v4.3 Infix arithmetic (KKT,FJ)
\calc@Acount=\count267
\calc@Bcount=\count268
\calc@Adimen=\dimen148
\calc@Bdimen=\dimen149
\calc@Askip=\skip58
\calc@Bskip=\skip59
LaTeX Info: Redefining \setlength on input line 80.
LaTeX Info: Redefining \addtolength on input line 81.
\calc@Ccount=\count269
\calc@Cskip=\skip60
)
\c@@stackindex=\count270
\@boxshift=\skip61
\stack@tmplength=\skip62
\temp@stkl=\skip63
\@stackedboxwidth=\skip64
\@addedbox=\box51
\@anchorbox=\box52
\@insetbox=\box53
\se@backgroundbox=\box54
\stackedbox=\box55
\@centerbox=\box56
\c@ROWcellindex@=\count271
) (C:\Users\fruuu\AppData\Local\Programs\MiKTeX\tex/latex/graphics\graphicx.sty
Package: graphicx 2021/09/16 v1.2d Enhanced LaTeX Graphics (DPC,SPQR)
 (C:\Users\fruuu\AppData\Local\Programs\MiKTeX\tex/latex/graphics\graphics.sty
Package: graphics 2022/03/10 v1.4e Standard LaTeX Graphics (DPC,SPQR)
 (C:\Users\fruuu\AppData\Local\Programs\MiKTeX\tex/latex/graphics\trig.sty
Package: trig 2021/08/11 v1.11 sin cos tan (DPC)
) (C:\Users\fruuu\AppData\Local\Programs\MiKTeX\tex/latex/graphics-cfg\graphics.cfg
File: graphics.cfg 2016/06/04 v1.11 sample graphics configuration
)
Package graphics Info: Driver file: pdftex.def on input line 107.
 (C:\Users\fruuu\AppData\Local\Programs\MiKTeX\tex/latex/graphics-def\pdftex.def
File: pdftex.def 2020/10/05 v1.2a Graphics/color driver for pdftex
))
\Gin@req@height=\dimen150
\Gin@req@width=\dimen151
) (C:\Users\fruuu\AppData\Local\Programs\MiKTeX\tex/latex/amsmath\amsmath.sty
Package: amsmath 2022/04/08 v2.17n AMS math features
\@mathmargin=\skip65

For additional information on amsmath, use the `?' option.
(C:\Users\fruuu\AppData\Local\Programs\MiKTeX\tex/latex/amsmath\amstext.sty
Package: amstext 2021/08/26 v2.01 AMS text
 (C:\Users\fruuu\AppData\Local\Programs\MiKTeX\tex/latex/amsmath\amsgen.sty
File: amsgen.sty 1999/11/30 v2.0 generic functions
\@emptytoks=\toks20
\ex@=\dimen152
)) (C:\Users\fruuu\AppData\Local\Programs\MiKTeX\tex/latex/amsmath\amsbsy.sty
Package: amsbsy 1999/11/29 v1.2d Bold Symbols
\pmbraise@=\dimen153
) (C:\Users\fruuu\AppData\Local\Programs\MiKTeX\tex/latex/amsmath\amsopn.sty
Package: amsopn 2022/04/08 v2.04 operator names
)
\inf@bad=\count272
LaTeX Info: Redefining \frac on input line 234.
\uproot@=\count273
\leftroot@=\count274
LaTeX Info: Redefining \overline on input line 399.
LaTeX Info: Redefining \colon on input line 410.
\classnum@=\count275
\DOTSCASE@=\count276
LaTeX Info: Redefining \ldots on input line 496.
LaTeX Info: Redefining \dots on input line 499.
LaTeX Info: Redefining \cdots on input line 620.
\Mathstrutbox@=\box57
\strutbox@=\box58
LaTeX Info: Redefining \big on input line 722.
LaTeX Info: Redefining \Big on input line 723.
LaTeX Info: Redefining \bigg on input line 724.
LaTeX Info: Redefining \Bigg on input line 725.
\big@size=\dimen154
LaTeX Font Info:    Redeclaring font encoding OML on input line 743.
LaTeX Font Info:    Redeclaring font encoding OMS on input line 744.
\macc@depth=\count277
LaTeX Info: Redefining \bmod on input line 905.
LaTeX Info: Redefining \pmod on input line 910.
LaTeX Info: Redefining \smash on input line 940.
LaTeX Info: Redefining \relbar on input line 970.
LaTeX Info: Redefining \Relbar on input line 971.
\c@MaxMatrixCols=\count278
\dotsspace@=\muskip16
\c@parentequation=\count279
\dspbrk@lvl=\count280
\tag@help=\toks21
\row@=\count281
\column@=\count282
\maxfields@=\count283
\andhelp@=\toks22
\eqnshift@=\dimen155
\alignsep@=\dimen156
\tagshift@=\dimen157
\tagwidth@=\dimen158
\totwidth@=\dimen159
\lineht@=\dimen160
\@envbody=\toks23
\multlinegap=\skip66
\multlinetaggap=\skip67
\mathdisplay@stack=\toks24
LaTeX Info: Redefining \[ on input line 2953.
LaTeX Info: Redefining \] on input line 2954.
) (C:\Users\fruuu\AppData\Local\Programs\MiKTeX\tex/latex/amscls\amsthm.sty
Package: amsthm 2020/05/29 v2.20.6
\thm@style=\toks25
\thm@bodyfont=\toks26
\thm@headfont=\toks27
\thm@notefont=\toks28
\thm@headpunct=\toks29
\thm@preskip=\skip68
\thm@postskip=\skip69
\thm@headsep=\skip70
\dth@everypar=\toks30
) (C:\Users\fruuu\AppData\Local\Programs\MiKTeX\tex/latex/amsfonts\amssymb.sty
Package: amssymb 2013/01/14 v3.01 AMS font symbols
 (C:\Users\fruuu\AppData\Local\Programs\MiKTeX\tex/latex/amsfonts\amsfonts.sty
Package: amsfonts 2013/01/14 v3.01 Basic AMSFonts support
\symAMSa=\mathgroup4
\symAMSb=\mathgroup5
LaTeX Font Info:    Redeclaring math symbol \hbar on input line 98.
LaTeX Font Info:    Overwriting math alphabet `\mathfrak' in version `bold'
(Font)                  U/euf/m/n --> U/euf/b/n on input line 106.
)) (C:\Users\fruuu\AppData\Local\Programs\MiKTeX\tex/latex/t2\mathtext.sty
Package: mathtext 2018/04/13 v1.1 transparent text-and-math defs
LaTeX Info: Redefining \halign on input line 119.
) (C:\Users\fruuu\AppData\Local\Programs\MiKTeX\tex/latex/thmtools\thmtools.sty
Package: thmtools 2022/06/01 v0.73
\thmt@toks=\toks31
\c@thmt@dummyctr=\count284
 (C:\Users\fruuu\AppData\Local\Programs\MiKTeX\tex/latex/thmtools\thm-patch.sty
Package: thm-patch 2022/06/01 v0.73
 (C:\Users\fruuu\AppData\Local\Programs\MiKTeX\tex/latex/thmtools\parseargs.sty
Package: parseargs 2022/06/01 v0.73
\@parsespec=\toks32
)) (C:\Users\fruuu\AppData\Local\Programs\MiKTeX\tex/latex/thmtools\thm-kv.sty
Package: thm-kv 2022/06/01 v0.73
Package thm-kv Info: Theorem names will be uppercased on input line 42.
Package thm-kv Info: kvsetkeys patch (v1.16 or later) on input line 158.
) (C:\Users\fruuu\AppData\Local\Programs\MiKTeX\tex/latex/thmtools\thm-autoref.sty
Package: thm-autoref 2022/06/01 v0.73
 (C:\Users\fruuu\AppData\Local\Programs\MiKTeX\tex/latex/thmtools\aliasctr.sty
Package: aliasctr 2022/06/01 v0.73
)) (C:\Users\fruuu\AppData\Local\Programs\MiKTeX\tex/latex/thmtools\thm-listof.sty
Package: thm-listof 2022/06/01 v0.73
) (C:\Users\fruuu\AppData\Local\Programs\MiKTeX\tex/latex/thmtools\thm-restate.sty
Package: thm-restate 2022/06/01 v0.73
) (C:\Users\fruuu\AppData\Local\Programs\MiKTeX\tex/latex/thmtools\thm-amsthm.sty
Package: thm-amsthm 2022/06/01 v0.73
\thmt@style@headstyle=\toks33
)) (C:\Users\fruuu\AppData\Local\Programs\MiKTeX\tex/latex/pgf/frontendlayer\tikz.sty (C:\Users\fruuu\AppData\Local\Programs\MiKTeX\tex/latex/pgf/basiclayer\pgf.sty (C:\Users\fruuu\AppData\Local\Programs\MiKTeX\tex/latex/pgf/utilities\pgfrcs.sty (C:\Users\fruuu\AppData\Local\Programs\MiKTeX\tex/generic/pgf/utilities\pgfutil-common.tex
\pgfutil@everybye=\toks34
\pgfutil@tempdima=\dimen161
\pgfutil@tempdimb=\dimen162
 (C:\Users\fruuu\AppData\Local\Programs\MiKTeX\tex/generic/pgf/utilities\pgfutil-common-lists.tex)) (C:\Users\fruuu\AppData\Local\Programs\MiKTeX\tex/generic/pgf/utilities\pgfutil-latex.def
\pgfutil@abb=\box59
) (C:\Users\fruuu\AppData\Local\Programs\MiKTeX\tex/generic/pgf/utilities\pgfrcs.code.tex (C:\Users\fruuu\AppData\Local\Programs\MiKTeX\tex/generic/pgf\pgf.revision.tex)
Package: pgfrcs 2021/05/15 v3.1.9a (3.1.9a)
))
Package: pgf 2021/05/15 v3.1.9a (3.1.9a)
 (C:\Users\fruuu\AppData\Local\Programs\MiKTeX\tex/latex/pgf/basiclayer\pgfcore.sty (C:\Users\fruuu\AppData\Local\Programs\MiKTeX\tex/latex/pgf/systemlayer\pgfsys.sty (C:\Users\fruuu\AppData\Local\Programs\MiKTeX\tex/generic/pgf/systemlayer\pgfsys.code.tex
Package: pgfsys 2021/05/15 v3.1.9a (3.1.9a)
 (C:\Users\fruuu\AppData\Local\Programs\MiKTeX\tex/generic/pgf/utilities\pgfkeys.code.tex
\pgfkeys@pathtoks=\toks35
\pgfkeys@temptoks=\toks36
 (C:\Users\fruuu\AppData\Local\Programs\MiKTeX\tex/generic/pgf/utilities\pgfkeysfiltered.code.tex
\pgfkeys@tmptoks=\toks37
))
\pgf@x=\dimen163
\pgf@y=\dimen164
\pgf@xa=\dimen165
\pgf@ya=\dimen166
\pgf@xb=\dimen167
\pgf@yb=\dimen168
\pgf@xc=\dimen169
\pgf@yc=\dimen170
\pgf@xd=\dimen171
\pgf@yd=\dimen172
\w@pgf@writea=\write3
\r@pgf@reada=\read3
\c@pgf@counta=\count285
\c@pgf@countb=\count286
\c@pgf@countc=\count287
\c@pgf@countd=\count288
\t@pgf@toka=\toks38
\t@pgf@tokb=\toks39
\t@pgf@tokc=\toks40
\pgf@sys@id@count=\count289
 (C:\Users\fruuu\AppData\Local\Programs\MiKTeX\tex/generic/pgf/systemlayer\pgf.cfg
File: pgf.cfg 2021/05/15 v3.1.9a (3.1.9a)
)
Driver file for pgf: pgfsys-pdftex.def
 (C:\Users\fruuu\AppData\Local\Programs\MiKTeX\tex/generic/pgf/systemlayer\pgfsys-pdftex.def
File: pgfsys-pdftex.def 2021/05/15 v3.1.9a (3.1.9a)
 (C:\Users\fruuu\AppData\Local\Programs\MiKTeX\tex/generic/pgf/systemlayer\pgfsys-common-pdf.def
File: pgfsys-common-pdf.def 2021/05/15 v3.1.9a (3.1.9a)
))) (C:\Users\fruuu\AppData\Local\Programs\MiKTeX\tex/generic/pgf/systemlayer\pgfsyssoftpath.code.tex
File: pgfsyssoftpath.code.tex 2021/05/15 v3.1.9a (3.1.9a)
\pgfsyssoftpath@smallbuffer@items=\count290
\pgfsyssoftpath@bigbuffer@items=\count291
) (C:\Users\fruuu\AppData\Local\Programs\MiKTeX\tex/generic/pgf/systemlayer\pgfsysprotocol.code.tex
File: pgfsysprotocol.code.tex 2021/05/15 v3.1.9a (3.1.9a)
)) (C:\Users\fruuu\AppData\Local\Programs\MiKTeX\tex/latex/xcolor\xcolor.sty
Package: xcolor 2022/06/12 v2.14 LaTeX color extensions (UK)
 (C:\Users\fruuu\AppData\Local\Programs\MiKTeX\tex/latex/graphics-cfg\color.cfg
File: color.cfg 2016/01/02 v1.6 sample color configuration
)
Package xcolor Info: Driver file: pdftex.def on input line 227.
 (C:\Users\fruuu\AppData\Local\Programs\MiKTeX\tex/latex-dev/graphics\mathcolor.ltx)
Package xcolor Info: Model `cmy' substituted by `cmy0' on input line 1353.
Package xcolor Info: Model `hsb' substituted by `rgb' on input line 1357.
Package xcolor Info: Model `RGB' extended on input line 1369.
Package xcolor Info: Model `HTML' substituted by `rgb' on input line 1371.
Package xcolor Info: Model `Hsb' substituted by `hsb' on input line 1372.
Package xcolor Info: Model `tHsb' substituted by `hsb' on input line 1373.
Package xcolor Info: Model `HSB' substituted by `hsb' on input line 1374.
Package xcolor Info: Model `Gray' substituted by `gray' on input line 1375.
Package xcolor Info: Model `wave' substituted by `hsb' on input line 1376.
) (C:\Users\fruuu\AppData\Local\Programs\MiKTeX\tex/generic/pgf/basiclayer\pgfcore.code.tex
Package: pgfcore 2021/05/15 v3.1.9a (3.1.9a)
 (C:\Users\fruuu\AppData\Local\Programs\MiKTeX\tex/generic/pgf/math\pgfmath.code.tex (C:\Users\fruuu\AppData\Local\Programs\MiKTeX\tex/generic/pgf/math\pgfmathcalc.code.tex (C:\Users\fruuu\AppData\Local\Programs\MiKTeX\tex/generic/pgf/math\pgfmathutil.code.tex) (C:\Users\fruuu\AppData\Local\Programs\MiKTeX\tex/generic/pgf/math\pgfmathparser.code.tex
\pgfmath@dimen=\dimen173
\pgfmath@count=\count292
\pgfmath@box=\box60
\pgfmath@toks=\toks41
\pgfmath@stack@operand=\toks42
\pgfmath@stack@operation=\toks43
) (C:\Users\fruuu\AppData\Local\Programs\MiKTeX\tex/generic/pgf/math\pgfmathfunctions.code.tex (C:\Users\fruuu\AppData\Local\Programs\MiKTeX\tex/generic/pgf/math\pgfmathfunctions.basic.code.tex) (C:\Users\fruuu\AppData\Local\Programs\MiKTeX\tex/generic/pgf/math\pgfmathfunctions.trigonometric.code.tex) (C:\Users\fruuu\AppData\Local\Programs\MiKTeX\tex/generic/pgf/math\pgfmathfunctions.random.code.tex) (C:\Users\fruuu\AppData\Local\Programs\MiKTeX\tex/generic/pgf/math\pgfmathfunctions.comparison.code.tex) (C:\Users\fruuu\AppData\Local\Programs\MiKTeX\tex/generic/pgf/math\pgfmathfunctions.base.code.tex) (C:\Users\fruuu\AppData\Local\Programs\MiKTeX\tex/generic/pgf/math\pgfmathfunctions.round.code.tex) (C:\Users\fruuu\AppData\Local\Programs\MiKTeX\tex/generic/pgf/math\pgfmathfunctions.misc.code.tex) (C:\Users\fruuu\AppData\Local\Programs\MiKTeX\tex/generic/pgf/math\pgfmathfunctions.integerarithmetics.code.tex))) (C:\Users\fruuu\AppData\Local\Programs\MiKTeX\tex/generic/pgf/math\pgfmathfloat.code.tex
\c@pgfmathroundto@lastzeros=\count293
)) (C:\Users\fruuu\AppData\Local\Programs\MiKTeX\tex/generic/pgf/math\pgfint.code.tex) (C:\Users\fruuu\AppData\Local\Programs\MiKTeX\tex/generic/pgf/basiclayer\pgfcorepoints.code.tex
File: pgfcorepoints.code.tex 2021/05/15 v3.1.9a (3.1.9a)
\pgf@picminx=\dimen174
\pgf@picmaxx=\dimen175
\pgf@picminy=\dimen176
\pgf@picmaxy=\dimen177
\pgf@pathminx=\dimen178
\pgf@pathmaxx=\dimen179
\pgf@pathminy=\dimen180
\pgf@pathmaxy=\dimen181
\pgf@xx=\dimen182
\pgf@xy=\dimen183
\pgf@yx=\dimen184
\pgf@yy=\dimen185
\pgf@zx=\dimen186
\pgf@zy=\dimen187
) (C:\Users\fruuu\AppData\Local\Programs\MiKTeX\tex/generic/pgf/basiclayer\pgfcorepathconstruct.code.tex
File: pgfcorepathconstruct.code.tex 2021/05/15 v3.1.9a (3.1.9a)
\pgf@path@lastx=\dimen188
\pgf@path@lasty=\dimen189
) (C:\Users\fruuu\AppData\Local\Programs\MiKTeX\tex/generic/pgf/basiclayer\pgfcorepathusage.code.tex
File: pgfcorepathusage.code.tex 2021/05/15 v3.1.9a (3.1.9a)
\pgf@shorten@end@additional=\dimen190
\pgf@shorten@start@additional=\dimen191
) (C:\Users\fruuu\AppData\Local\Programs\MiKTeX\tex/generic/pgf/basiclayer\pgfcorescopes.code.tex
File: pgfcorescopes.code.tex 2021/05/15 v3.1.9a (3.1.9a)
\pgfpic=\box61
\pgf@hbox=\box62
\pgf@layerbox@main=\box63
\pgf@picture@serial@count=\count294
) (C:\Users\fruuu\AppData\Local\Programs\MiKTeX\tex/generic/pgf/basiclayer\pgfcoregraphicstate.code.tex
File: pgfcoregraphicstate.code.tex 2021/05/15 v3.1.9a (3.1.9a)
\pgflinewidth=\dimen192
) (C:\Users\fruuu\AppData\Local\Programs\MiKTeX\tex/generic/pgf/basiclayer\pgfcoretransformations.code.tex
File: pgfcoretransformations.code.tex 2021/05/15 v3.1.9a (3.1.9a)
\pgf@pt@x=\dimen193
\pgf@pt@y=\dimen194
\pgf@pt@temp=\dimen195
) (C:\Users\fruuu\AppData\Local\Programs\MiKTeX\tex/generic/pgf/basiclayer\pgfcorequick.code.tex
File: pgfcorequick.code.tex 2021/05/15 v3.1.9a (3.1.9a)
) (C:\Users\fruuu\AppData\Local\Programs\MiKTeX\tex/generic/pgf/basiclayer\pgfcoreobjects.code.tex
File: pgfcoreobjects.code.tex 2021/05/15 v3.1.9a (3.1.9a)
) (C:\Users\fruuu\AppData\Local\Programs\MiKTeX\tex/generic/pgf/basiclayer\pgfcorepathprocessing.code.tex
File: pgfcorepathprocessing.code.tex 2021/05/15 v3.1.9a (3.1.9a)
) (C:\Users\fruuu\AppData\Local\Programs\MiKTeX\tex/generic/pgf/basiclayer\pgfcorearrows.code.tex
File: pgfcorearrows.code.tex 2021/05/15 v3.1.9a (3.1.9a)
\pgfarrowsep=\dimen196
) (C:\Users\fruuu\AppData\Local\Programs\MiKTeX\tex/generic/pgf/basiclayer\pgfcoreshade.code.tex
File: pgfcoreshade.code.tex 2021/05/15 v3.1.9a (3.1.9a)
\pgf@max=\dimen197
\pgf@sys@shading@range@num=\count295
\pgf@shadingcount=\count296
) (C:\Users\fruuu\AppData\Local\Programs\MiKTeX\tex/generic/pgf/basiclayer\pgfcoreimage.code.tex
File: pgfcoreimage.code.tex 2021/05/15 v3.1.9a (3.1.9a)
 (C:\Users\fruuu\AppData\Local\Programs\MiKTeX\tex/generic/pgf/basiclayer\pgfcoreexternal.code.tex
File: pgfcoreexternal.code.tex 2021/05/15 v3.1.9a (3.1.9a)
\pgfexternal@startupbox=\box64
)) (C:\Users\fruuu\AppData\Local\Programs\MiKTeX\tex/generic/pgf/basiclayer\pgfcorelayers.code.tex
File: pgfcorelayers.code.tex 2021/05/15 v3.1.9a (3.1.9a)
) (C:\Users\fruuu\AppData\Local\Programs\MiKTeX\tex/generic/pgf/basiclayer\pgfcoretransparency.code.tex
File: pgfcoretransparency.code.tex 2021/05/15 v3.1.9a (3.1.9a)
) (C:\Users\fruuu\AppData\Local\Programs\MiKTeX\tex/generic/pgf/basiclayer\pgfcorepatterns.code.tex
File: pgfcorepatterns.code.tex 2021/05/15 v3.1.9a (3.1.9a)
) (C:\Users\fruuu\AppData\Local\Programs\MiKTeX\tex/generic/pgf/basiclayer\pgfcorerdf.code.tex
File: pgfcorerdf.code.tex 2021/05/15 v3.1.9a (3.1.9a)
))) (C:\Users\fruuu\AppData\Local\Programs\MiKTeX\tex/generic/pgf/modules\pgfmoduleshapes.code.tex
File: pgfmoduleshapes.code.tex 2021/05/15 v3.1.9a (3.1.9a)
\pgfnodeparttextbox=\box65
) (C:\Users\fruuu\AppData\Local\Programs\MiKTeX\tex/generic/pgf/modules\pgfmoduleplot.code.tex
File: pgfmoduleplot.code.tex 2021/05/15 v3.1.9a (3.1.9a)
) (C:\Users\fruuu\AppData\Local\Programs\MiKTeX\tex/latex/pgf/compatibility\pgfcomp-version-0-65.sty
Package: pgfcomp-version-0-65 2021/05/15 v3.1.9a (3.1.9a)
\pgf@nodesepstart=\dimen198
\pgf@nodesepend=\dimen199
) (C:\Users\fruuu\AppData\Local\Programs\MiKTeX\tex/latex/pgf/compatibility\pgfcomp-version-1-18.sty
Package: pgfcomp-version-1-18 2021/05/15 v3.1.9a (3.1.9a)
)) (C:\Users\fruuu\AppData\Local\Programs\MiKTeX\tex/latex/pgf/utilities\pgffor.sty (C:\Users\fruuu\AppData\Local\Programs\MiKTeX\tex/latex/pgf/utilities\pgfkeys.sty (C:\Users\fruuu\AppData\Local\Programs\MiKTeX\tex/generic/pgf/utilities\pgfkeys.code.tex)) (C:\Users\fruuu\AppData\Local\Programs\MiKTeX\tex/latex/pgf/math\pgfmath.sty (C:\Users\fruuu\AppData\Local\Programs\MiKTeX\tex/generic/pgf/math\pgfmath.code.tex)) (C:\Users\fruuu\AppData\Local\Programs\MiKTeX\tex/generic/pgf/utilities\pgffor.code.tex
Package: pgffor 2021/05/15 v3.1.9a (3.1.9a)
 (C:\Users\fruuu\AppData\Local\Programs\MiKTeX\tex/generic/pgf/math\pgfmath.code.tex)
\pgffor@iter=\dimen256
\pgffor@skip=\dimen257
\pgffor@stack=\toks44
\pgffor@toks=\toks45
)) (C:\Users\fruuu\AppData\Local\Programs\MiKTeX\tex/generic/pgf/frontendlayer/tikz\tikz.code.tex
Package: tikz 2021/05/15 v3.1.9a (3.1.9a)
 (C:\Users\fruuu\AppData\Local\Programs\MiKTeX\tex/generic/pgf/libraries\pgflibraryplothandlers.code.tex
File: pgflibraryplothandlers.code.tex 2021/05/15 v3.1.9a (3.1.9a)
\pgf@plot@mark@count=\count297
\pgfplotmarksize=\dimen258
)
\tikz@lastx=\dimen259
\tikz@lasty=\dimen260
\tikz@lastxsaved=\dimen261
\tikz@lastysaved=\dimen262
\tikz@lastmovetox=\dimen263
\tikz@lastmovetoy=\dimen264
\tikzleveldistance=\dimen265
\tikzsiblingdistance=\dimen266
\tikz@figbox=\box66
\tikz@figbox@bg=\box67
\tikz@tempbox=\box68
\tikz@tempbox@bg=\box69
\tikztreelevel=\count298
\tikznumberofchildren=\count299
\tikznumberofcurrentchild=\count300
\tikz@fig@count=\count301
 (C:\Users\fruuu\AppData\Local\Programs\MiKTeX\tex/generic/pgf/modules\pgfmodulematrix.code.tex
File: pgfmodulematrix.code.tex 2021/05/15 v3.1.9a (3.1.9a)
\pgfmatrixcurrentrow=\count302
\pgfmatrixcurrentcolumn=\count303
\pgf@matrix@numberofcolumns=\count304
)
\tikz@expandcount=\count305
 (C:\Users\fruuu\AppData\Local\Programs\MiKTeX\tex/generic/pgf/frontendlayer/tikz/libraries\tikzlibrarytopaths.code.tex
File: tikzlibrarytopaths.code.tex 2021/05/15 v3.1.9a (3.1.9a)
)))
\c@theorem=\count306
\c@theorem-non=\count307
\c@statement=\count308
\c@defn=\count309
\c@lemma=\count310
 (C:\Users\fruuu\AppData\Local\Programs\MiKTeX\tex/latex/hyperref\hyperref.sty
Package: hyperref 2022-06-20 v7.00s Hypertext links for LaTeX
 (C:\Users\fruuu\AppData\Local\Programs\MiKTeX\tex/generic/pdftexcmds\pdftexcmds.sty
Package: pdftexcmds 2020-06-27 v0.33 Utility functions of pdfTeX for LuaTeX (HO)
 (C:\Users\fruuu\AppData\Local\Programs\MiKTeX\tex/generic/infwarerr\infwarerr.sty
Package: infwarerr 2019/12/03 v1.5 Providing info/warning/error messages (HO)
)
Package pdftexcmds Info: \pdf@primitive is available.
Package pdftexcmds Info: \pdf@ifprimitive is available.
Package pdftexcmds Info: \pdfdraftmode found.
) (C:\Users\fruuu\AppData\Local\Programs\MiKTeX\tex/generic/kvdefinekeys\kvdefinekeys.sty
Package: kvdefinekeys 2019-12-19 v1.6 Define keys (HO)
) (C:\Users\fruuu\AppData\Local\Programs\MiKTeX\tex/generic/pdfescape\pdfescape.sty
Package: pdfescape 2019/12/09 v1.15 Implements pdfTeX's escape features (HO)
) (C:\Users\fruuu\AppData\Local\Programs\MiKTeX\tex/latex/hycolor\hycolor.sty
Package: hycolor 2020-01-27 v1.10 Color options for hyperref/bookmark (HO)
) (C:\Users\fruuu\AppData\Local\Programs\MiKTeX\tex/latex/letltxmacro\letltxmacro.sty
Package: letltxmacro 2019/12/03 v1.6 Let assignment for LaTeX macros (HO)
) (C:\Users\fruuu\AppData\Local\Programs\MiKTeX\tex/latex/auxhook\auxhook.sty
Package: auxhook 2019-12-17 v1.6 Hooks for auxiliary files (HO)
) (C:\Users\fruuu\AppData\Local\Programs\MiKTeX\tex/latex/hyperref\nameref.sty
Package: nameref 2022-05-17 v2.50 Cross-referencing by name of section
 (C:\Users\fruuu\AppData\Local\Programs\MiKTeX\tex/latex/refcount\refcount.sty
Package: refcount 2019/12/15 v3.6 Data extraction from label references (HO)
) (C:\Users\fruuu\AppData\Local\Programs\MiKTeX\tex/generic/gettitlestring\gettitlestring.sty
Package: gettitlestring 2019/12/15 v1.6 Cleanup title references (HO)
)
\c@section@level=\count311
)
\@linkdim=\dimen267
\Hy@linkcounter=\count312
\Hy@pagecounter=\count313
 (C:\Users\fruuu\AppData\Local\Programs\MiKTeX\tex/latex/hyperref\pd1enc.def
File: pd1enc.def 2022-06-20 v7.00s Hyperref: PDFDocEncoding definition (HO)
Now handling font encoding PD1 ...
... no UTF-8 mapping file for font encoding PD1
\symPD1letters=\mathgroup6
) (C:\Users\fruuu\AppData\Local\Programs\MiKTeX\tex/generic/intcalc\intcalc.sty
Package: intcalc 2019/12/15 v1.3 Expandable calculations with integers (HO)
) (C:\Users\fruuu\AppData\Local\Programs\MiKTeX\tex/generic/etexcmds\etexcmds.sty
Package: etexcmds 2019/12/15 v1.7 Avoid name clashes with e-TeX commands (HO)
)
\Hy@SavedSpaceFactor=\count314
 (C:\Users\fruuu\AppData\Local\Programs\MiKTeX\tex/latex/hyperref\puenc.def
File: puenc.def 2022-06-20 v7.00s Hyperref: PDF Unicode definition (HO)
Now handling font encoding PU ...
... no UTF-8 mapping file for font encoding PU
\symPUletters=\mathgroup7
)
Package hyperref Info: Option `unicode' set `true' on input line 3149.
Package hyperref Info: Hyper figures OFF on input line 4162.
Package hyperref Info: Link nesting OFF on input line 4167.
Package hyperref Info: Hyper index ON on input line 4170.
Package hyperref Info: Plain pages OFF on input line 4177.
Package hyperref Info: Backreferencing OFF on input line 4182.
Package hyperref Info: Implicit mode ON; LaTeX internals redefined.
Package hyperref Info: Bookmarks ON on input line 4408.
\c@Hy@tempcnt=\count315
 (C:\Users\fruuu\AppData\Local\Programs\MiKTeX\tex/latex/url\url.sty
\Urlmuskip=\muskip17
Package: url 2013/09/16  ver 3.4  Verb mode for urls, etc.
)
LaTeX Info: Redefining \url on input line 4746.
\XeTeXLinkMargin=\dimen268
 (C:\Users\fruuu\AppData\Local\Programs\MiKTeX\tex/generic/bitset\bitset.sty
Package: bitset 2019/12/09 v1.3 Handle bit-vector datatype (HO)
 (C:\Users\fruuu\AppData\Local\Programs\MiKTeX\tex/generic/bigintcalc\bigintcalc.sty
Package: bigintcalc 2019/12/15 v1.5 Expandable calculations on big integers (HO)
))
\Fld@menulength=\count316
\Field@Width=\dimen269
\Fld@charsize=\dimen270
Package hyperref Info: Hyper figures OFF on input line 6024.
Package hyperref Info: Link nesting OFF on input line 6029.
Package hyperref Info: Hyper index ON on input line 6032.
Package hyperref Info: backreferencing OFF on input line 6039.
Package hyperref Info: Link coloring OFF on input line 6044.
Package hyperref Info: Link coloring with OCG OFF on input line 6049.
Package hyperref Info: PDF/A mode OFF on input line 6054.
 (C:\Users\fruuu\AppData\Local\Programs\MiKTeX\tex/latex/base\atbegshi-ltx.sty
Package: atbegshi-ltx 2021/01/10 v1.0c Emulation of the original atbegshi
package with kernel methods
)
\Hy@abspage=\count317
\c@Item=\count318
\c@Hfootnote=\count319
)
Package hyperref Info: Driver (autodetected): hpdftex.
 (C:\Users\fruuu\AppData\Local\Programs\MiKTeX\tex/latex/hyperref\hpdftex.def
File: hpdftex.def 2022-06-20 v7.00s Hyperref driver for pdfTeX
 (C:\Users\fruuu\AppData\Local\Programs\MiKTeX\tex/latex/base\atveryend-ltx.sty
Package: atveryend-ltx 2020/08/19 v1.0a Emulation of the original atveryend package
with kernel methods
)
\Fld@listcount=\count320
\c@bookmark@seq@number=\count321
 (C:\Users\fruuu\AppData\Local\Programs\MiKTeX\tex/latex/rerunfilecheck\rerunfilecheck.sty
Package: rerunfilecheck 2022-07-10 v1.10 Rerun checks for auxiliary files (HO)
 (C:\Users\fruuu\AppData\Local\Programs\MiKTeX\tex/generic/uniquecounter\uniquecounter.sty
Package: uniquecounter 2019/12/15 v1.4 Provide unlimited unique counter (HO)
)
Package uniquecounter Info: New unique counter `rerunfilecheck' on input line 285.
)
\Hy@SectionHShift=\skip71
)
Package hyperref Info: Option `colorlinks' set `true' on input line 193.
) (C:\Users\fruuu\AppData\Local\Programs\MiKTeX\tex/latex/l3backend\l3backend-pdftex.def
File: l3backend-pdftex.def 2022-08-23 L3 backend support: PDF output (pdfTeX)
\l__color_backend_stack_int=\count322
\l__pdf_internal_box=\box70
) (discrete.aux
LaTeX Font Info:    Trying to load font information for T2A+cmr on input line 19.
 (C:\Users\fruuu\AppData\Local\Programs\MiKTeX\tex/latex/cyrillic\t2acmr.fd
File: t2acmr.fd 2001/08/11 v1.0a Computer Modern Cyrillic font definitions
)<<t2a.cmap>>)
\openout1 = `discrete.aux'.

LaTeX Font Info:    Checking defaults for OML/cmm/m/it on input line 3.
LaTeX Font Info:    ... okay on input line 3.
LaTeX Font Info:    Checking defaults for OMS/cmsy/m/n on input line 3.
LaTeX Font Info:    ... okay on input line 3.
LaTeX Font Info:    Checking defaults for OT1/cmr/m/n on input line 3.
LaTeX Font Info:    ... okay on input line 3.
LaTeX Font Info:    Checking defaults for T1/cmr/m/n on input line 3.
LaTeX Font Info:    ... okay on input line 3.
LaTeX Font Info:    Checking defaults for TS1/cmr/m/n on input line 3.
LaTeX Font Info:    ... okay on input line 3.
LaTeX Font Info:    Checking defaults for OMX/cmex/m/n on input line 3.
LaTeX Font Info:    ... okay on input line 3.
LaTeX Font Info:    Checking defaults for U/cmr/m/n on input line 3.
LaTeX Font Info:    ... okay on input line 3.
LaTeX Font Info:    Checking defaults for T2A/cmr/m/n on input line 3.
LaTeX Font Info:    ... okay on input line 3.
LaTeX Font Info:    Checking defaults for PD1/pdf/m/n on input line 3.
LaTeX Font Info:    ... okay on input line 3.
LaTeX Font Info:    Checking defaults for PU/pdf/m/n on input line 3.
LaTeX Font Info:    ... okay on input line 3.
LaTeX Info: Redefining \th on input line 3.

*geometry* driver: auto-detecting
*geometry* detected driver: pdftex
*geometry* verbose mode - [ preamble ] result:
* driver: pdftex
* paper: a4paper
* layout: <same size as paper>
* layoutoffset:(h,v)=(0.0pt,0.0pt)
* modes: 
* h-part:(L,W,R)=(36.135pt, 525.23788pt, 36.135pt)
* v-part:(T,H,B)=(57.81621pt, 736.64186pt, 50.58878pt)
* \paperwidth=597.50787pt
* \paperheight=845.04684pt
* \textwidth=525.23788pt
* \textheight=736.64186pt
* \oddsidemargin=-36.135pt
* \evensidemargin=-36.135pt
* \topmargin=-97.26999pt
* \headheight=57.81621pt
* \headsep=25.0pt
* \topskip=12.0pt
* \footskip=30.0pt
* \marginparwidth=35.0pt
* \marginparsep=10.0pt
* \columnsep=10.0pt
* \skip\footins=10.8pt plus 4.0pt minus 2.0pt
* \hoffset=0.0pt
* \voffset=0.0pt
* \mag=1000
* \@twocolumnfalse
* \@twosidefalse
* \@mparswitchfalse
* \@reversemarginfalse
* (1in=72.27pt=25.4mm, 1cm=28.453pt)

(C:\Users\fruuu\AppData\Local\Programs\MiKTeX\tex/context/base/mkii\supp-pdf.mkii
[Loading MPS to PDF converter (version 2006.09.02).]
\scratchcounter=\count323
\scratchdimen=\dimen271
\scratchbox=\box71
\nofMPsegments=\count324
\nofMParguments=\count325
\everyMPshowfont=\toks46
\MPscratchCnt=\count326
\MPscratchDim=\dimen272
\MPnumerator=\count327
\makeMPintoPDFobject=\count328
\everyMPtoPDFconversion=\toks47
) (C:\Users\fruuu\AppData\Local\Programs\MiKTeX\tex/latex/epstopdf-pkg\epstopdf-base.sty
Package: epstopdf-base 2020-01-24 v2.11 Base part for package epstopdf
Package epstopdf-base Info: Redefining graphics rule for `.eps' on input line 485.
 (C:\Users\fruuu\AppData\Local\Programs\MiKTeX\tex/latex/00miktex\epstopdf-sys.cfg
File: epstopdf-sys.cfg 2021/03/18 v2.0 Configuration of epstopdf for MiKTeX
))
Package hyperref Info: Link coloring ON on input line 3.
 (discrete.out) (discrete.out)
\@outlinefile=\write4
\openout4 = `discrete.out'.

<<ot1.cmap>><<oml.cmap>><<oms.cmap>><<omx.cmap>>
LaTeX Font Info:    Trying to load font information for U+msa on input line 9.
 (C:\Users\fruuu\AppData\Local\Programs\MiKTeX\tex/latex/amsfonts\umsa.fd
File: umsa.fd 2013/01/14 v3.01 AMS symbols A
)
LaTeX Font Info:    Trying to load font information for U+msb on input line 9.
 (C:\Users\fruuu\AppData\Local\Programs\MiKTeX\tex/latex/amsfonts\umsb.fd
File: umsb.fd 2013/01/14 v3.01 AMS symbols B
)
LaTeX Font Info:    Trying to load font information for PD1+cmr on input line 9.
LaTeX Font Info:    No file PD1cmr.fd. on input line 9.


LaTeX Font Warning: Font shape `PD1/cmr/m/up' undefined
(Font)              using `PD1/pdf/m/n' instead on input line 9.

LaTeX Font Info:    Trying to load font information for PU+cmr on input line 9.
LaTeX Font Info:    No file PUcmr.fd. on input line 9.

LaTeX Font Warning: Font shape `PU/cmr/m/up' undefined
(Font)              using `PU/pdf/m/n' instead on input line 9.

[1


{C:/Users/fruuu/AppData/Local/MiKTeX/fonts/map/pdftex/pdftex.map}] (discrete.toc [2])
\tf@toc=\write5
\openout5 = `discrete.toc'.

 [3] (sections/par1.tex
Package hyperref Info: bookmark level for unknown defn defaults to 0 on input line 4.
) (sections/par2.tex
LaTeX Font Info:    Trying to load font information for T2A+cmtt on input line 4.
 (C:\Users\fruuu\AppData\Local\Programs\MiKTeX\tex/latex/cyrillic\t2acmtt.fd
File: t2acmtt.fd 2001/08/11 v1.0a Computer Modern Cyrillic font definitions
)
Package hyperref Info: bookmark level for unknown notice defaults to 0 on input line 4.

Underfull \hbox (badness 10000) in paragraph at lines 29--30

 []

Package hyperref Info: bookmark level for unknown examples defaults to 0 on input line 31.
) (sections/par3.tex
pdfTeX warning (ext4): destination with the same identifier (name{page.1}) has been already used, duplicate ignored
<to be read again> 
                   \relax 
l.6     \item $
               x \to y \equiv \neg x \vee y$ [1]) (sections/par4.tex
Package hyperref Info: bookmark level for unknown example defaults to 0 on input line 15.
) (sections/par5.tex
Package hyperref Info: bookmark level for unknown theorem-non defaults to 0 on input line 4.

pdfTeX warning (ext4): destination with the same identifier (name{page.2}) has been already used, duplicate ignored
<to be read again> 
                   \relax 
l.32 ...\wedge\  \ldots\ \wedge\ x_n^{\sigma_n})\]
                                                   [2]
Package hyperref Info: bookmark level for unknown theorem defaults to 0 on input line 35.
) (sections/par6.tex) (sections/par7.tex
Underfull \hbox (badness 10000) in paragraph at lines 14--16

 []


pdfTeX warning (ext4): destination with the same identifier (name{page.3}) has been already used, duplicate ignored
<to be read again> 
                   \relax 
l.19 \end{notice}
                  [3]
pdfTeX warning (ext4): destination with the same identifier (name{theorem.0.1}) has been already used, duplicate ignored
<to be read again> 
                   \relax 
l.22     Р”
           Р»СЏ РєР°Р¶РґРѕР№ С„СѓРЅРєС†РёРё СЃСѓС‰РµСЃС‚РІСѓРµС‚ РµРґРёРЅСЃС...) (sections/par8.tex) (sections/par9.tex [4]) (sections/par10.tex
Overfull \hbox (7.29033pt too wide) in paragraph at lines 4--5
[][]\T2A/cmr/bx/sl/12 Определение \T2A/cmr/bx/n/12 10.1\T2A/cmr/bx/sl/12 . []\T2A/cmr/m/n/12 Ча-стич-ный по-ря-док на мно-же-стве дво-ич-ных на-бо-ров $\OT1/cmr/m/n/12 (\OML/cmm/m/it/12 b[]; [] ; b[]\OT1/cmr/m/n/12 ) \U/msa/m/n/12 6 \OT1/cmr/m/n/12 (\OML/cmm/m/it/12 c[]; [] ; c[]\OT1/cmr/m/n/12 )$\T2A/cmr/m/n/12 ,
 []

) (sections/par11.tex [5]) (sections/par12.tex
pdfTeX warning (ext4): destination with the same identifier (name{theorem.0.1}) has been already used, duplicate ignored
<to be read again> 
                   \relax 
l.8     Рњ
          РЅРѕР¶РµСЃС‚РІРѕ Р±СѓР»РµРІС‹С… С„СѓРЅРєС†РёР№ $\mathcal{F}$ СЏРІР... [6]) [7] (sections/par13.tex [8]) (sections/par14.tex
pdfTeX warning (ext4): destination with the same identifier (name{theorem.0.1}) has been already used, duplicate ignored
<to be read again> 
                   \relax 
l.4     \[
           C_n^k = C_{n-1}^k + C_{n-1}^{k-1}. \] [9]) (sections/par15.tex
Package hyperref Info: bookmark level for unknown lemma defaults to 0 on input line 3.

pdfTeX warning (ext4): destination with the same identifier (name{theorem.0.1}) has been already used, duplicate ignored
<to be read again> 
                   \relax 
l.21 \begin{theorem} (
                      С„РѕСЂРјСѓР»Р° РЎС‚РёСЂР»РёРЅРіР°)) (sections/par16.tex [10]
pdfTeX warning (ext4): destination with the same identifier (name{theorem.0.1}) has been already used, duplicate ignored
<to be read again> 
                   \relax 
l.26 \begin{theorem} (
                      СЂРµРєРєСѓСЂРµРЅС‚РЅР°СЏ С„РѕСЂРјСѓР»Р°)
<images//par16path.png, id=488, 862.50804pt x 517.50482pt>
File: images//par16path.png Graphic file (type png)
<use images//par16path.png>
Package pdftex.def Info: images//par16path.png  used on input line 51.
(pdftex.def)             Requested size: 262.61894pt x 157.5663pt.

pdfTeX warning (ext4): destination with the same identifier (name{theorem.0.2}) has been already used, duplicate ignored
<to be read again> 
                   \relax 
l.58     \[
            C_n = \frac{1}{n + 1} C_{2n}^n \] [11 <./images//par16path.png>]
<images//par16proof.png, id=498, 693.44786pt x 264.99pt>
File: images//par16proof.png Graphic file (type png)
<use images//par16proof.png>
Package pdftex.def Info: images//par16proof.png  used on input line 72.
(pdftex.def)             Requested size: 262.61894pt x 100.35355pt.
 [12 <./images//par16proof.png>]
Underfull \hbox (badness 10000) in paragraph at lines 122--124

 []

) [13] (sections/par17.tex
<images//par17graph.png, id=511, 259.39767pt x 216.81pt>
File: images//par17graph.png Graphic file (type png)
<use images//par17graph.png>
Package pdftex.def Info: images//par17graph.png  used on input line 4.
(pdftex.def)             Requested size: 210.09193pt x 175.6019pt.
<images//par17kenig.png, id=513, 687.31781pt x 402.00188pt>
File: images//par17kenig.png Graphic file (type png)
<use images//par17kenig.png>
Package pdftex.def Info: images//par17kenig.png  used on input line 22.
(pdftex.def)             Requested size: 367.6649pt x 215.04128pt.
<images//par17kenig2.png, id=514, 219.82124pt x 237.88875pt>
File: images//par17kenig2.png Graphic file (type png)
<use images//par17kenig2.png>
Package pdftex.def Info: images//par17kenig2.png  used on input line 30.
(pdftex.def)             Requested size: 105.04596pt x 113.67711pt.
 [14 <./images//par17graph.png> <./images//par17kenig.png (PNG copy)>]
<images//par17k33.png, id=521, 166.04893pt x 144.97018pt>
File: images//par17k33.png Graphic file (type png)
<use images//par17k33.png>
Package pdftex.def Info: images//par17k33.png  used on input line 61.
(pdftex.def)             Requested size: 105.04596pt x 91.70995pt.

Overfull \hbox (2.57422pt too wide) in paragraph at lines 71--72
[]\T2A/cmr/m/n/12 проектирование транс-порт-ных раз-вя-зок (транс-порт-ные по-то-ки раз-ных на-прав-ле-ний не долж-
 []

[15 <./images//par17kenig2.png> <./images//par17k33.png>]
<images//par17color.png, id=528, 515.35393pt x 227.99464pt>
File: images//par17color.png Graphic file (type png)
<use images//par17color.png>
Package pdftex.def Info: images//par17color.png  used on input line 108.
(pdftex.def)             Requested size: 472.71088pt x 209.13141pt.
) (sections/par18.tex [16 <./images//par17color.png>] [17] [18]
Package hyperref Info: bookmark level for unknown statement defaults to 0 on input line 154.
) (sections/par19.tex
pdfTeX warning (ext4): destination with the same identifier (name{theorem.0.1}) has been already used, duplicate ignored
<to be read again> 
                   \relax 
l.11 \begin{theorem}~
                      [19]
pdfTeX warning (ext4): destination with the same identifier (name{theorem.0.2}) has been already used, duplicate ignored
<to be read again> 
                   \relax 
l.45 \begin{theorem}~
                     
<images//par19brujin.png, id=613, 221.97214pt x 311.44928pt>
File: images//par19brujin.png Graphic file (type png)
<use images//par19brujin.png>
Package pdftex.def Info: images//par19brujin.png  used on input line 73.
(pdftex.def)             Requested size: 131.30946pt x 184.2382pt.

pdfTeX warning (ext4): destination with the same identifier (name{theorem.0.3}) has been already used, duplicate ignored
<to be read again> 
                   \relax 
l.77     Р’
            РіСЂР°С„Рµ РґРµ Р‘СЂРµР№РЅР° СЃСѓС‰РµСЃС‚РІСѓРµС‚ СЌР№Р»РµСЂРѕРІ... [20 <./images//par19brujin.png>]) (sections/par20.tex
pdfTeX warning (ext4): destination with the same identifier (name{theorem.0.1}) has been already used, duplicate ignored
<to be read again> 
                   \relax 
l.26 \begin{theorem}[Р”РёСЂР°Рє, 1952]~
                                        [21]) [22] (sections/par21.tex
<images//par21tree.png, id=637, 396.19446pt x 126.04233pt>
File: images//par21tree.png Graphic file (type png)
<use images//par21tree.png>
Package pdftex.def Info: images//par21tree.png  used on input line 20.
(pdftex.def)             Requested size: 262.61894pt x 83.54782pt.
) (sections/par22.tex
pdfTeX warning (ext4): destination with the same identifier (name{theorem.0.1}) has been already used, duplicate ignored
<to be read again> 
                   \relax 
l.9     Р 
          РµР±СЂРѕ СЏРІР»СЏРµС‚СЃСЏ РјРѕСЃС‚РѕРј С‚РѕРіРґР° Рё С‚РѕР»СЊРєРѕ ...) (sections/par23.tex [23 <./images//par21tree.png>]
pdfTeX warning (ext4): destination with the same identifier (name{theorem.0.1}) has been already used, duplicate ignored
<to be read again> 
                   \relax 
l.8     Р”
          Р»СЏ РїСЂРѕСЃС‚РѕРіРѕ РіСЂР°С„Р° $G$ СЃР»РµРґСѓСЋС‰РёРµ СѓСЃР»РѕРІ... [24]) (sections/par24.tex
Package hyperref Info: bookmark level for unknown follow defaults to 0 on input line 24.
) (sections/par25.tex [25]
<images//par25izo.png, id=676, 316.18124pt x 152.28322pt>
File: images//par25izo.png Graphic file (type png)
<use images//par25izo.png>
Package pdftex.def Info: images//par25izo.png  used on input line 8.
(pdftex.def)             Requested size: 262.61894pt x 126.49495pt.
) (sections/par26.tex
<images//par26sphere.png, id=677, 359.19911pt x 223.26268pt>
File: images//par26sphere.png Graphic file (type png)
<use images//par26sphere.png>
Package pdftex.def Info: images//par26sphere.png  used on input line 38.
(pdftex.def)             Requested size: 262.61894pt x 163.23589pt.
 [26 <./images//par25izo.png>]
<images//par26dual.png, id=699, 326.50554pt x 358.76894pt>
File: images//par26dual.png Graphic file (type png)
<use images//par26dual.png>
Package pdftex.def Info: images//par26dual.png  used on input line 58.
(pdftex.def)             Requested size: 157.57297pt x 173.14323pt.
) (sections/par27.tex
pdfTeX warning (ext4): destination with the same identifier (name{theorem.0.1}) has been already used, duplicate ignored
<to be read again> 
                   \relax 
l.3 ...heorem}[Р¤РѕСЂРјСѓР»Р° Р­Р№Р»РµСЂР°, 1758]~
                                                  
Underfull \hbox (badness 10000) in paragraph at lines 18--20

 []

[27 <./images//par26sphere.png> <./images//par26dual.png>]
<images//par26tor.png, id=711, 551.48892pt x 284.34804pt>
File: images//par26tor.png Graphic file (type png)
<use images//par26tor.png>
Package pdftex.def Info: images//par26tor.png  used on input line 29.
(pdftex.def)             Requested size: 210.09193pt x 108.32237pt.

pdfTeX warning (ext4): destination with the same identifier (name{theorem.0.2}) has been already used, duplicate ignored
<to be read again> 
                   \relax 
l.32 ...Р±С‰РµРЅРёРµ С„РѕСЂРјСѓР»С‹ Р­Р№Р»РµСЂР°]~
                                                  
<images//par26klain.png, id=712, 329.51678pt x 273.16339pt>
File: images//par26klain.png Graphic file (type png)
<use images//par26klain.png>
Package pdftex.def Info: images//par26klain.png  used on input line 43.
(pdftex.def)             Requested size: 210.09193pt x 174.16122pt.

pdfTeX warning (ext4): destination with the same identifier (name{theorem.0.3}) has been already used, duplicate ignored
<to be read again> 
                   \relax 
l.49     Р’
           Рѕ РІСЃСЏРєРѕРј РїР»Р°РЅР°СЂРЅРѕРј РіСЂР°С„Рµ $G = (V, E)$ Р±РµР·... [28 <./images//par26tor.png> <./images//par26klain.png>]) (sections/par28.tex
<images//par26k533.png, id=723, 427.5975pt x 200.89339pt>
File: images//par26k533.png Graphic file (type png)
<use images//par26k533.png>
Package pdftex.def Info: images//par26k533.png  used on input line 6.
(pdftex.def)             Requested size: 210.09193pt x 98.70529pt.
 [29 <./images//par26k533.png>]
pdfTeX warning (ext4): destination with the same identifier (name{theorem.0.1}) has been already used, duplicate ignored
<to be read again> 
                   \relax 
l.33 ...ЏРіРёРЅР°-РљСѓСЂР°С‚РѕРІСЃРєРѕРіРѕ, 1930]~
                                                  ) (sections/par29.tex [30]
pdfTeX warning (ext4): destination with the same identifier (name{theorem.0.1}) has been already used, duplicate ignored
<to be read again> 
                   \relax 
l.35 \begin{theorem}[РҐРІР°С‚Р°Р», 1975]~
                                         
<images//par26hvat.png, id=744, 260.25804pt x 161.74715pt>
File: images//par26hvat.png Graphic file (type png)
<use images//par26hvat.png>
Package pdftex.def Info: images//par26hvat.png  used on input line 46.
(pdftex.def)             Requested size: 262.61894pt x 163.2177pt.
) (sections/par30.tex
pdfTeX warning (ext4): destination with the same identifier (name{theorem.0.1}) has been already used, duplicate ignored
<to be read again> 
                   \relax 
l.5     Р”
          Р»СЏ РІСЃСЏРєРѕРіРѕ РїР»Р°РЅР°СЂРЅРѕРіРѕ РіСЂР°С„Р° Р±РµР· РєСЂР°С... [31 <./images//par26hvat.png>]
<images//par30triang.png, id=754, 949.83429pt x 327.36589pt>
File: images//par30triang.png Graphic file (type png)
<use images//par30triang.png>
Package pdftex.def Info: images//par30triang.png  used on input line 43.
(pdftex.def)             Requested size: 262.61894pt x 90.51292pt.
 [32 <./images//par30triang.png>]
<images//par30fari.png, id=760, 1927.2pt x 2152.04pt>
File: images//par30fari.png Graphic file (type png)
<use images//par30fari.png>
Package pdftex.def Info: images//par30fari.png  used on input line 84.
(pdftex.def)             Requested size: 262.61894pt x 293.23837pt.
) [33 <./images//par30fari.png>] (sections/par31.tex
pdfTeX warning (ext4): destination with the same identifier (name{theorem.0.1}) has been already used, duplicate ignored
<to be read again> 
                   \relax 
l.21     Р’
           СЃСЏРєРёР№ РїР»Р°РЅР°СЂРЅС‹Р№ РіСЂР°С„ СЂР°СЃРєСЂР°С€РёРІР°РµС‚СЃ...
pdfTeX warning (ext4): destination with the same identifier (name{theorem.0.2}) has been already used, duplicate ignored
<to be read again> 
                   \relax 
l.42     Р’
           СЃСЏРєРёР№ РїР»Р°РЅР°СЂРЅС‹Р№ РіСЂР°С„ СЂР°СЃРєСЂР°С€РёРІР°РµС‚СЃ...) (sections/par32.tex
pdfTeX warning (ext4): destination with the same identifier (name{theorem.0.1}) has been already used, duplicate ignored
<to be read again> 
                   \relax 
l.9     Р“
          СЂР°С„ РґРІСѓРґРѕР»РµРЅ РµСЃР»Рё Рё С‚РѕР»СЊРєРѕ РµСЃР»Рё РѕРЅ РЅР... [34]) (sections/par33.tex
pdfTeX warning (ext4): destination with the same identifier (name{theorem.0.1}) has been already used, duplicate ignored
<to be read again> 
                   \relax 
l.4     Рџ
          СѓСЃС‚СЊ РІ РіСЂР°С„Рµ $G$ СЃС‚РµРїРµРЅРё РІСЃРµС… РІРµСЂС€РёРЅ $\... [35] [36]) [37] (sections/par34.tex
pdfTeX warning (ext4): destination with the same identifier (name{theorem.0.1}) has been already used, duplicate ignored
<to be read again> 
                   \relax 
l.13     Рџ
           СѓСЃС‚СЊ $G = (V_1, V_2, E)$ --- РґРІСѓРґРѕР»СЊРЅС‹Р№ РіСЂР°С„.) (sections/par35.tex [38]
pdfTeX warning (ext4): destination with the same identifier (name{theorem.0.1}) has been already used, duplicate ignored
<to be read again> 
                   \relax 
l.14     Р’
            РіСЂР°С„Рµ $G = (V, E)$ РµСЃС‚СЊ СЃРѕРІРµСЂС€РµРЅРЅРѕРµ РїР°СЂРѕ...
Overfull \hbox (6.36974pt too wide) in paragraph at lines 55--56
[]\T2A/cmr/m/n/12 Аналогично при до-бав-ле-нии реб-ра $\OT1/cmr/m/n/12 (\OML/cmm/m/it/12 v[]; v[]\OT1/cmr/m/n/12 )$ \T2A/cmr/m/n/12 по-лу-чит-ся со-вер-шен-ное па-ро-со-че-та-ние $\OML/cmm/m/it/12 M[] \OMS/cmsy/m/n/12 ^^R [] [ f\OT1/cmr/m/n/12 (\OML/cmm/m/it/12 v[]; v[]\OT1/cmr/m/n/12 )\OMS/cmsy/m/n/12 g$\T2A/cmr/m/n/12 ,
 []

[39]) (sections/par36.tex
pdfTeX warning (ext4): destination with the same identifier (name{theorem.0.1}) has been already used, duplicate ignored
<to be read again> 
                   \relax 
l.8     Р§
          РёСЃР»Рѕ РІРµСЂС€РёРЅ, РЅРµРїРѕРєСЂС‹С‚С‹С… РЅР°РёР±РѕР»СЊС€РёРј Р... [40]) (sections/par37.tex
pdfTeX warning (ext4): destination with the same identifier (name{theorem.0.1}) has been already used, duplicate ignored
<to be read again> 
                   \relax 
l.8     Р’
          Рѕ РІСЃСЏРєРѕРј $3$-СЂРµРіСѓР»СЏСЂРЅРѕРј РіСЂР°С„Рµ Р±РµР· РјРѕСЃС...) (sections/par38.tex [41]
pdfTeX warning (ext4): destination with the same identifier (name{theorem.0.1}) has been already used, duplicate ignored
<to be read again> 
                   \relax 
l.26     Р’
           Рѕ РІСЃСЏРєРѕРј РґРІСѓРґРѕР»СЊРЅРѕРј РіСЂР°С„Рµ $G = (V_1, V_2, E... [42]) (sections/par39.tex [43]
pdfTeX warning (ext4): destination with the same identifier (name{theorem.0.1}) has been already used, duplicate ignored
<to be read again> 
                   \relax 
l.8     Рџ
          СѓСЃС‚СЊ $V_1, V_2 \subseteq V(G),~k \in \N$ РЅР°С‚СѓСЂР°Р»СЊРЅРѕР... [44]
pdfTeX warning (ext4): destination with the same identifier (name{theorem.0.2}) has been already used, duplicate ignored
<to be read again> 
                   \relax 
l.68     Рџ
           СѓСЃС‚СЊ РІРµСЂС€РёРЅС‹ $a$ Рё $b$ СЃРІСЏР·РЅРѕРіРѕ РіСЂР°С„Р° $G...) (sections/par40.tex
pdfTeX warning (ext4): destination with the same identifier (name{theorem.0.1}) has been already used, duplicate ignored
<to be read again> 
                   \relax 
l.8     Рќ
          Р°РёР±РѕР»СЊС€РµРµ С‡РёСЃР»Рѕ СЂРµР±РµСЂ РІ РїР°СЂРѕСЃРѕС‡РµС‚Р°РЅ...) [45] (sections/par41.tex
<images//par41edgecol.png, id=868, 508.47107pt x 412.11107pt>
File: images//par41edgecol.png Graphic file (type png)
<use images//par41edgecol.png>
Package pdftex.def Info: images//par41edgecol.png  used on input line 14.
(pdftex.def)             Requested size: 262.61894pt x 212.84637pt.

pdfTeX warning (ext4): destination with the same identifier (name{theorem.0.1}) has been already used, duplicate ignored
<to be read again> 
                   \relax 
l.21     Р’
            РґРІСѓРґРѕР»СЊРЅРѕРј РіСЂР°С„Рµ $G = (V_1, V_2, E)$ СЃСѓС‰РµСЃС‚... [46 <./images//par41edgecol.png>]
pdfTeX warning (ext4): destination with the same identifier (name{theorem.0.2}) has been already used, duplicate ignored
<to be read again> 
                   \relax 
l.61     Р’
           Рѕ РІСЃСЏРєРѕРј РіСЂР°С„Рµ СЃСѓС‰РµСЃС‚РІСѓРµС‚ РїСЂР°РІРёР»СЊРЅР... [47] [48]) [49] (sections/par42.tex) (sections/par43.tex
pdfTeX warning (ext4): destination with the same identifier (name{theorem.0.1}) has been already used, duplicate ignored
<to be read again> 
                   \relax 
l.24 \begin{theorem}(
                     Р Р°РјСЃРµСЏ, 1930) [50]) (sections/par44.tex
pdfTeX warning (ext4): destination with the same identifier (name{theorem.0.1}) has been already used, duplicate ignored
<to be read again> 
                   \relax 
l.3 \begin{theorem} (
                     Р’РµСЂС…РЅСЏСЏ РѕС†РµРЅРєР° С‡РёСЃРµР» Р Р°РјСЃРµСЏ) [51]
Underfull \hbox (badness 10000) in paragraph at lines 17--19

 []


pdfTeX warning (ext4): destination with the same identifier (name{theorem.0.2}) has been already used, duplicate ignored
<to be read again> 
                   \relax 
l.29 \begin{theorem} (
                      РќРёР¶РЅСЏСЏ РѕС†РµРЅРєР° РґРёР°РіРѕРЅР°Р»СЊРЅС‹С… С‡Р...) (sections/par45.tex
pdfTeX warning (ext4): destination with the same identifier (name{theorem.0.1}) has been already used, duplicate ignored
<to be read again> 
                   \relax 
l.9     Р•
          СЃР»Рё РЅР°С‚СѓСЂР°Р»СЊРЅС‹Р№ СЂСЏРґ РїРѕРєСЂР°С€РµРЅ РІ РєРѕРЅРµС... [52]
pdfTeX warning (ext4): destination with the same identifier (name{theorem.0.2}) has been already used, duplicate ignored
<to be read again> 
                   \relax 
l.23     Р•
           СЃР»Рё РЅР°С‚СѓСЂР°Р»СЊРЅС‹Р№ СЂСЏРґ РїРѕРєСЂР°С€РµРЅ РІ РєРѕРЅРµ...
pdfTeX warning (ext4): destination with the same identifier (name{theorem.0.3}) has been already used, duplicate ignored
<to be read again> 
                   \relax 
l.31     Р•
           СЃР»Рё РЅР°С‚СѓСЂР°Р»СЊРЅС‹Р№ СЂСЏРґ РїРѕРєСЂР°С€РµРЅ РІ РєРѕРЅРµ... [53]) [54] (sections/par46.tex
pdfTeX warning (ext4): destination with the same identifier (name{theorem.0.1}) has been already used, duplicate ignored
<to be read again> 
                   \relax 
l.6     Рџ
          СѓСЃС‚СЊ РЅР°С‚СѓСЂР°Р»СЊРЅС‹Р№ СЂСЏРґ СЂР°СЃРєСЂР°С€РµРЅ РІ РєРѕР...
pdfTeX warning (ext4): destination with the same identifier (name{theorem.0.2}) has been already used, duplicate ignored
<to be read again> 
                   \relax 
l.21     Р”
           Р»СЏ Р»СЋР±РѕР№ РїР»РѕС‚РЅРѕСЃС‚Рё $\delta \in (0, 1)$ Рё РґР»СЏ ...) (sections/par47.tex) (sections/par48.tex [55]
pdfTeX warning (ext4): destination with the same identifier (name{theorem.0.1}) has been already used, duplicate ignored
<to be read again> 
                   \relax 
l.39     Рџ
           СѓСЃС‚СЊ $W \geq 5 \cdot (33 \cdot 2) - 1 = 5 \cdot 65 = 325$. Рџ...
<images//par48vdw32.png, id=952, 705.06268pt x 120.45pt>
File: images//par48vdw32.png Graphic file (type png)
<use images//par48vdw32.png>
Package pdftex.def Info: images//par48vdw32.png  used on input line 63.
(pdftex.def)             Requested size: 367.6649pt x 62.81262pt.
 [56 <./images//par48vdw32.png>]) (sections/par49.tex
<images//par49vdw33.png, id=965, 736.89589pt x 130.77429pt>
File: images//par49vdw33.png Graphic file (type png)
<use images//par49vdw33.png>
Package pdftex.def Info: images//par49vdw33.png  used on input line 28.
(pdftex.def)             Requested size: 367.6649pt x 65.24928pt.
 [57 <./images//par49vdw33.png>]
<images//par49vdw33-2.png, id=975, 756.25392pt x 194.01053pt>
File: images//par49vdw33-2.png Graphic file (type png)
<use images//par49vdw33-2.png>
Package pdftex.def Info: images//par49vdw33-2.png  used on input line 68.
(pdftex.def)             Requested size: 367.6649pt x 94.31996pt.
Package hyperref Info: bookmark level for unknown exerc defaults to 0 on input line 76.
) (sections/par50.tex
pdfTeX warning (ext4): destination with the same identifier (name{theorem.0.1}) has been already used, duplicate ignored
<to be read again> 
                   \relax 
l.32     Рџ
           СѓСЃС‚СЊ $W \geq 2W(3, 2) \cdot 2W(3, 2^{2W(3, 2)})$. РџСѓСЃС‚СЊ ... [58 <./images//par49vdw33-2.png>]
<images//par50vdw44.png, id=987, 708.07393pt x 129.91393pt>
File: images//par50vdw44.png Graphic file (type png)
<use images//par50vdw44.png>
Package pdftex.def Info: images//par50vdw44.png  used on input line 60.
(pdftex.def)             Requested size: 367.6649pt x 67.45651pt.
) (sections/par51.tex [59 <./images//par50vdw44.png>]
<images//par51vdwlemma.png, id=996, 575.57893pt x 121.74054pt>
File: images//par51vdwlemma.png Graphic file (type png)
<use images//par51vdwlemma.png>
Package pdftex.def Info: images//par51vdwlemma.png  used on input line 44.
(pdftex.def)             Requested size: 367.6649pt x 77.76506pt.
<images//par51vdwblock.png, id=997, 579.45053pt x 236.16803pt>
File: images//par51vdwblock.png Graphic file (type png)
<use images//par51vdwblock.png>
Package pdftex.def Info: images//par51vdwblock.png  used on input line 64.
(pdftex.def)             Requested size: 367.6649pt x 149.8497pt.
 [60 <./images//par51vdwlemma.png>]
<images//par51vdw.png, id=1004, 382.42876pt x 611.71393pt>
File: images//par51vdw.png Graphic file (type png)
<use images//par51vdw.png>
Package pdftex.def Info: images//par51vdw.png  used on input line 72.
(pdftex.def)             Requested size: 315.14594pt x 504.1195pt.
 [61 <./images//par51vdwblock.png> <./images//par51vdw.png>] [62]
pdfTeX warning (ext4): destination with the same identifier (name{theorem.0.1}) has been already used, duplicate ignored
<to be read again> 
                   \relax 
l.164     \[
             W(k, c) \leq 2^{ 2^{ c^{ 2^{ 2^{ k + 9}}}}}. \]) [63] (discrete.aux)

LaTeX Font Warning: Some font shapes were not available, defaults substituted.

Package rerunfilecheck Info: File `discrete.out' has not changed.
(rerunfilecheck)             Checksum: 019BD712C514224998155CA5DFD25B25;12175.
 ) 
Here is how much of TeX's memory you used:
 25513 strings out of 477843
 471864 string characters out of 2823600
 739798 words of memory out of 3000000
 43225 multiletter control sequences out of 15000+600000
 490686 words of font info for 82 fonts, out of 8000000 for 9000
 1141 hyphenation exceptions out of 8191
 89i,12n,92p,1011b,742s stack positions out of 10000i,1000n,20000p,200000b,80000s
 <C:\Users\fruuu\AppData\Local\MiKTeX\fonts/pk/ljfour/lh/lh-t2a/dpi600\larm0800.pk> <C:\Users\fruuu\AppData\Local\MiKTeX\fonts/pk/ljfour/lh/lh-t2a/dpi600\labi1200.pk> <C:\Users\fruuu\AppData\Local\MiKTeX\fonts/pk/ljfour/lh/lh-t2a/dpi600\lasl1200.pk> <C:\Users\fruuu\AppData\Local\MiKTeX\fonts/pk/ljfour/lh/lh-t2a/dpi600\lait1200.pk> <C:\Users\fruuu\AppData\Local\MiKTeX\fonts/pk/ljfour/jknappen/ec/dpi600\tcrm1200.pk> <C:\Users\fruuu\AppData\Local\MiKTeX\fonts/pk/ljfour/lh/lh-t2a/dpi600\labl1200.pk> <C:\Users\fruuu\AppData\Local\MiKTeX\fonts/pk/ljfour/lh/lh-t2a/dpi600\labx1440.pk> <C:\Users\fruuu\AppData\Local\MiKTeX\fonts/pk/ljfour/lh/lh-t2a/dpi600\larm1200.pk> <C:\Users\fruuu\AppData\Local\MiKTeX\fonts/pk/ljfour/lh/lh-t2a/dpi600\labx1200.pk> <C:\Users\fruuu\AppData\Local\MiKTeX\fonts/pk/ljfour/lh/lh-t2a/dpi600\labx1728.pk> <C:\Users\fruuu\AppData\Local\MiKTeX\fonts/pk/ljfour/lh/lh-t2a/dpi600\larm1440.pk> <C:\Users\fruuu\AppData\Local\MiKTeX\fonts/pk/ljfour/lh/lh-t2a/dpi600\larm2074.pk><C:/Users/fruuu/AppData/Local/Programs/MiKTeX/fonts/type1/public/amsfonts/cm/cmex10.pfb><C:/Users/fruuu/AppData/Local/Programs/MiKTeX/fonts/type1/public/amsfonts/cm/cmmi12.pfb><C:/Users/fruuu/AppData/Local/Programs/MiKTeX/fonts/type1/public/amsfonts/cm/cmmi6.pfb><C:/Users/fruuu/AppData/Local/Programs/MiKTeX/fonts/type1/public/amsfonts/cm/cmmi8.pfb><C:/Users/fruuu/AppData/Local/Programs/MiKTeX/fonts/type1/public/amsfonts/cm/cmr12.pfb><C:/Users/fruuu/AppData/Local/Programs/MiKTeX/fonts/type1/public/amsfonts/cm/cmr6.pfb><C:/Users/fruuu/AppData/Local/Programs/MiKTeX/fonts/type1/public/amsfonts/cm/cmr8.pfb><C:/Users/fruuu/AppData/Local/Programs/MiKTeX/fonts/type1/public/amsfonts/cm/cmsy10.pfb><C:/Users/fruuu/AppData/Local/Programs/MiKTeX/fonts/type1/public/amsfonts/cm/cmsy6.pfb><C:/Users/fruuu/AppData/Local/Programs/MiKTeX/fonts/type1/public/amsfonts/cm/cmsy8.pfb><C:/Users/fruuu/AppData/Local/Programs/MiKTeX/fonts/type1/public/amsfonts/symbols/msam10.pfb><C:/Users/fruuu/AppData/Local/Programs/MiKTeX/fonts/type1/public/amsfonts/symbols/msam7.pfb><C:/Users/fruuu/AppData/Local/Programs/MiKTeX/fonts/type1/public/amsfonts/symbols/msbm10.pfb>
Output written on discrete.pdf (66 pages, 2906829 bytes).
PDF statistics:
 1580 PDF objects out of 1728 (max. 8388607)
 496 named destinations out of 1000 (max. 500000)
 643 words of extra memory for PDF output out of 10000 (max. 10000000)

