\BOOKMARK [1][-]{section*.2}{\376\377\004\021\004\103\004\073\004\065\004\062\004\113\000\040\004\104\004\103\004\075\004\072\004\106\004\070\004\070}{}% 1
\BOOKMARK [2][-]{subsection.0.1}{\376\377\004\036\004\077\004\100\004\065\004\064\004\065\004\073\004\065\004\075\004\070\004\065}{section*.2}% 2
\BOOKMARK [2][-]{subsection.0.2}{\376\377\004\037\004\100\004\065\004\064\004\101\004\102\004\060\004\062\004\073\004\065\004\075\004\070\004\065\000\040\004\061\004\103\004\073\004\065\004\062\004\113\004\105\000\040\004\104\004\103\004\075\004\072\004\106\004\070\004\071}{section*.2}% 3
\BOOKMARK [2][-]{subsection.0.3}{\376\377\004\036\004\101\004\075\004\076\004\062\004\075\004\113\004\065\000\040\004\115\004\072\004\062\004\070\004\062\004\060\004\073\004\065\004\075\004\102\004\075\004\076\004\101\004\102\004\070}{section*.2}% 4
\BOOKMARK [2][-]{subsection.0.4}{\376\377\004\044\004\076\004\100\004\074\004\103\004\073\004\113}{section*.2}% 5
\BOOKMARK [2][-]{subsection.0.5}{\376\377\004\024\004\070\004\067\004\112\004\116\004\075\004\072\004\102\004\070\004\062\004\075\004\060\004\117\000\040\004\075\004\076\004\100\004\074\004\060\004\073\004\114\004\075\004\060\004\117\000\040\004\104\004\076\004\100\004\074\004\060\000\040\000\050\004\024\004\035\004\044\000\051}{section*.2}% 6
\BOOKMARK [2][-]{subsection.0.6}{\376\377\004\032\004\076\004\075\004\112\004\116\004\072\004\102\004\070\004\062\004\075\004\060\004\117\000\040\004\075\004\076\004\100\004\074\004\060\004\073\004\114\004\075\004\060\004\117\000\040\004\104\004\076\004\100\004\074\004\060\000\040\000\050\004\032\004\035\004\044\000\051}{section*.2}% 7
\BOOKMARK [2][-]{subsection.0.7}{\376\377\004\034\004\075\004\076\004\063\004\076\004\107\004\073\004\065\004\075\000\040\004\026\004\065\004\063\004\060\004\073\004\072\004\070\004\075\004\060}{section*.2}% 8
\BOOKMARK [2][-]{subsection.0.8}{\376\377\004\027\004\060\004\074\004\072\004\075\004\103\004\102\004\113\004\065\000\040\004\072\004\073\004\060\004\101\004\101\004\113}{section*.2}% 9
\BOOKMARK [2][-]{subsection.0.9}{\376\377\004\024\004\062\004\076\004\071\004\101\004\102\004\062\004\065\004\075\004\075\004\113\004\065\000\040\004\104\004\103\004\075\004\072\004\106\004\070\004\070}{section*.2}% 10
\BOOKMARK [2][-]{subsection.0.10}{\376\377\004\034\004\076\004\075\004\076\004\102\004\076\004\075\004\075\004\113\004\065\000\040\004\104\004\103\004\075\004\072\004\106\004\070\004\070}{section*.2}% 11
\BOOKMARK [2][-]{subsection.0.11}{\376\377\004\033\004\070\004\075\004\065\004\071\004\075\004\113\004\065\000\040\004\104\004\103\004\075\004\072\004\106\004\070\004\070}{section*.2}% 12
\BOOKMARK [2][-]{subsection.0.12}{\376\377\004\032\004\100\004\070\004\102\004\065\004\100\004\070\004\071\000\040\004\077\004\076\004\073\004\075\004\076\004\102\004\113\000\040\004\101\004\070\004\101\004\102\004\065\004\074\004\113\000\040\004\104\004\103\004\075\004\072\004\106\004\070\004\071}{section*.2}% 13
\BOOKMARK [1][-]{section*.9}{\376\377\004\032\004\076\004\074\004\061\004\070\004\075\004\060\004\102\004\076\004\100\004\070\004\072\004\060}{}% 14
\BOOKMARK [2][-]{subsection.0.13}{\376\377\004\022\004\113\004\061\004\076\004\100\004\072\004\070}{section*.9}% 15
\BOOKMARK [2][-]{subsection.0.14}{\376\377\004\047\004\070\004\101\004\073\004\076\000\040\004\101\004\076\004\107\004\065\004\102\004\060\004\075\004\070\004\071}{section*.9}% 16
\BOOKMARK [2][-]{subsection.0.15}{\376\377\004\044\004\060\004\072\004\102\004\076\004\100\004\070\004\060\004\073}{section*.9}% 17
\BOOKMARK [2][-]{subsection.0.16}{\376\377\004\047\004\070\004\101\004\073\004\060\000\040\004\032\004\060\004\102\004\060\004\073\004\060\004\075\004\060}{section*.9}% 18
\BOOKMARK [1][-]{section*.20}{\376\377\004\022\004\062\004\065\004\064\004\065\004\075\004\070\004\065\000\040\004\062\000\040\004\063\004\100\004\060\004\104\004\113}{}% 19
\BOOKMARK [2][-]{subsection.0.17}{\376\377\004\023\004\100\004\060\004\104}{section*.20}% 20
\BOOKMARK [2][-]{subsection.0.18}{\376\377\004\036\004\101\004\075\004\076\004\062\004\075\004\113\004\065\000\040\004\076\004\077\004\100\004\065\004\064\004\065\004\073\004\065\004\075\004\070\004\117}{section*.20}% 21
\BOOKMARK [2][-]{subsection.0.19}{\376\377\004\055\004\071\004\073\004\065\004\100\004\076\004\062\004\113\000\040\004\106\004\070\004\072\004\073\004\113\000\040\004\070\000\040\004\077\004\103\004\102\004\070}{section*.20}% 22
\BOOKMARK [2][-]{subsection.0.20}{\376\377\004\023\004\060\004\074\004\070\004\073\004\114\004\102\004\076\004\075\004\076\004\062\004\113\000\040\004\106\004\070\004\072\004\073\004\113\000\040\004\070\000\040\004\077\004\103\004\102\004\070}{section*.20}% 23
\BOOKMARK [1][-]{section*.33}{\376\377\004\024\004\065\004\100\004\065\004\062\004\114\004\117}{}% 24
\BOOKMARK [2][-]{subsection.0.21}{\376\377\004\024\004\065\004\100\004\065\004\062\004\076}{section*.33}% 25
\BOOKMARK [2][-]{subsection.0.22}{\376\377\004\034\004\076\004\101\004\102\004\113}{section*.33}% 26
\BOOKMARK [2][-]{subsection.0.23}{\376\377\004\042\004\065\004\076\004\100\004\065\004\074\004\060\000\040\004\076\000\040\004\064\004\065\004\100\004\065\004\062\004\114\004\117\004\105}{section*.33}% 27
\BOOKMARK [2][-]{subsection.0.24}{\376\377\004\036\004\101\004\102\004\076\004\062\004\075\004\076\004\065\000\040\004\064\004\065\004\100\004\065\004\062\004\076}{section*.33}% 28
\BOOKMARK [2][-]{subsection.0.25}{\376\377\004\030\004\067\004\076\004\074\004\076\004\100\004\104\004\075\004\113\004\065\000\040\004\063\004\100\004\060\004\104\004\113}{section*.33}% 29
\BOOKMARK [2][-]{subsection.0.26}{\376\377\004\037\004\073\004\076\004\101\004\072\004\070\004\071\000\040\004\063\004\100\004\060\004\104}{section*.33}% 30
\BOOKMARK [2][-]{subsection.0.27}{\376\377\004\044\004\076\004\100\004\074\004\103\004\073\004\060\000\040\004\055\004\071\004\073\004\065\004\100\004\060}{section*.33}% 31
\BOOKMARK [2][-]{subsection.0.28}{\376\377\004\032\004\100\004\070\004\102\004\065\004\100\004\070\004\071\000\040\004\077\004\073\004\060\004\075\004\060\004\100\004\075\004\076\004\101\004\102\004\070}{section*.33}% 32
\BOOKMARK [2][-]{subsection.0.29}{\376\377\004\042\004\065\004\076\004\100\004\065\004\074\004\060\000\040\004\076\000\040\004\105\004\103\004\064\004\076\004\066\004\065\004\101\004\102\004\062\004\065\004\075\004\075\004\076\004\071\000\040\004\063\004\060\004\073\004\065\004\100\004\065\004\065}{section*.33}% 33
\BOOKMARK [2][-]{subsection.0.30}{\376\377\004\042\004\065\004\076\004\100\004\065\004\074\004\060\000\040\004\044\004\060\004\100\004\070}{section*.33}% 34
\BOOKMARK [1][-]{section*.38}{\376\377\004\040\004\060\004\101\004\072\004\100\004\060\004\101\004\072\004\070\000\040\004\063\004\100\004\060\004\104\004\076\004\062}{}% 35
\BOOKMARK [2][-]{subsection.0.31}{\376\377\004\040\004\060\004\101\004\072\004\100\004\060\004\101\004\072\004\070\000\040\004\063\004\100\004\060\004\104\004\076\004\062}{section*.38}% 36
\BOOKMARK [2][-]{subsection.0.32}{\376\377\004\045\004\100\004\076\004\074\004\060\004\102\004\070\004\107\004\065\004\101\004\072\004\076\004\065\000\040\004\107\004\070\004\101\004\073\004\076\000\040\004\063\004\100\004\060\004\104\004\060}{section*.38}% 37
\BOOKMARK [2][-]{subsection.0.33}{\376\377\004\042\004\065\004\076\004\100\004\065\004\074\004\060\000\040\004\021\004\100\004\103\004\072\004\101\004\060}{section*.38}% 38
\BOOKMARK [1][-]{section*.40}{\376\377\004\037\004\060\004\100\004\076\004\101\004\076\004\107\004\065\004\102\004\060\004\075\004\070\004\117}{}% 39
\BOOKMARK [2][-]{subsection.0.34}{\376\377\004\037\004\060\004\100\004\076\004\101\004\076\004\107\004\065\004\102\004\060\004\075\004\070\004\117\000\040\004\062\000\040\004\064\004\062\004\103\004\064\004\076\004\073\004\114\004\075\004\076\004\074\000\040\004\063\004\100\004\060\004\104\004\065}{section*.40}% 40
\BOOKMARK [2][-]{subsection.0.35}{\376\377\004\037\004\060\004\100\004\076\004\101\004\076\004\107\004\065\004\102\004\060\004\075\004\070\004\117\000\040\004\062\000\040\004\063\004\100\004\060\004\104\004\060\004\105\000\040\004\076\004\061\004\111\004\065\004\063\004\076\000\040\004\062\004\070\004\064\004\060}{section*.40}% 41
\BOOKMARK [2][-]{subsection.0.36}{\376\377\004\035\004\065\004\101\004\076\004\062\004\065\004\100\004\110\004\065\004\075\004\075\004\113\004\065\000\040\004\077\004\060\004\100\004\076\004\101\004\076\004\107\004\065\004\102\004\060\004\075\004\070\004\117}{section*.40}% 42
\BOOKMARK [2][-]{subsection.0.37}{\376\377\004\042\004\065\004\076\004\100\004\065\004\074\004\060\000\040\004\037\004\065\004\102\004\065\004\100\004\101\004\065\004\075\004\060}{section*.40}% 43
\BOOKMARK [2][-]{subsection.0.38}{\376\377\004\037\004\060\004\100\004\076\004\101\004\076\004\107\004\065\004\102\004\060\004\075\004\070\004\117\000\040\004\101\000\040\004\077\004\100\004\065\004\064\004\077\004\076\004\107\004\102\004\065\004\075\004\070\004\117\004\074\004\070}{section*.40}% 44
\BOOKMARK [2][-]{subsection.0.39}{\376\377\004\041\004\062\004\117\004\067\004\075\004\076\004\101\004\102\004\114\000\040\004\070\000\040\004\100\004\060\004\067\004\064\004\065\004\073\004\117\004\116\004\111\004\070\004\065\000\040\004\074\004\075\004\076\004\066\004\065\004\101\004\102\004\062\004\060}{section*.40}% 45
\BOOKMARK [2][-]{subsection.0.40}{\376\377\004\022\004\065\004\100\004\110\004\070\004\075\004\075\004\076\004\065\000\040\004\077\004\076\004\072\004\100\004\113\004\102\004\070\004\065}{section*.40}% 46
\BOOKMARK [1][-]{section*.42}{\376\377\004\040\004\065\004\061\004\065\004\100\004\075\004\113\004\065\000\040\004\100\004\060\004\101\004\072\004\100\004\060\004\101\004\072\004\070}{}% 47
\BOOKMARK [2][-]{subsection.0.41}{\376\377\004\040\004\065\004\061\004\065\004\100\004\075\004\113\004\065\000\040\004\100\004\060\004\101\004\072\004\100\004\060\004\101\004\072\004\070}{section*.42}% 48
\BOOKMARK [1][-]{section*.43}{\376\377\004\042\004\065\004\076\004\100\004\070\004\117\000\040\004\040\004\060\004\074\004\101\004\065\004\117}{}% 49
\BOOKMARK [2][-]{subsection.0.42}{\376\377\004\042\004\065\004\076\004\100\004\070\004\117\000\040\004\040\004\060\004\074\004\101\004\065\004\117}{section*.43}% 50
\BOOKMARK [2][-]{subsection.0.43}{\376\377\004\047\004\070\004\101\004\073\004\060\000\040\004\040\004\060\004\074\004\101\004\065\004\117}{section*.43}% 51
\BOOKMARK [2][-]{subsection.0.44}{\376\377\004\036\004\106\004\065\004\075\004\072\004\070\000\040\004\075\004\060\000\040\004\107\004\070\004\101\004\073\004\060\000\040\004\040\004\060\004\074\004\101\004\065\004\117}{section*.43}% 52
\BOOKMARK [2][-]{subsection.0.45}{\376\377\004\041\004\073\004\065\004\064\004\101\004\102\004\062\004\070\004\117}{section*.43}% 53
\BOOKMARK [1][-]{section*.49}{\376\377\004\042\004\065\004\076\004\100\004\065\004\074\004\060\000\040\004\022\004\060\004\075\000-\004\064\004\065\004\100\000-\004\022\004\060\004\100\004\064\004\065\004\075\004\060}{}% 54
\BOOKMARK [2][-]{subsection.0.46}{\376\377\004\042\004\065\004\076\004\100\004\065\004\074\004\060\000\040\004\022\004\060\004\075\000-\004\064\004\065\004\100\000-\004\022\004\060\004\100\004\064\004\065\004\075\004\060}{section*.49}% 55
\BOOKMARK [2][-]{subsection.0.47}{\376\377\004\034\004\060\004\073\004\113\004\065\000\040\004\067\004\075\004\060\004\107\004\065\004\075\004\070\004\117\000\040\004\077\004\060\004\100\004\060\004\074\004\065\004\102\004\100\004\076\004\062\000\040\004\070\000\040\004\061\004\060\004\067\004\060\000\040\004\070\004\075\004\064\004\103\004\072\004\106\004\070\004\070}{section*.49}% 56
\BOOKMARK [2][-]{subsection.0.48}{\376\377\000V\000D\000W\000\050\0003\000,\000\040\0002\000\051}{section*.49}% 57
\BOOKMARK [2][-]{subsection.0.49}{\376\377\000V\000D\000W\000\050\0003\000,\000\040\0003\000\051}{section*.49}% 58
\BOOKMARK [2][-]{subsection.0.50}{\376\377\000V\000D\000W\000\050\0004\000,\000\040\0002\000\051}{section*.49}% 59
\BOOKMARK [2][-]{subsection.0.51}{\376\377\004\024\004\076\004\072\004\060\004\067\004\060\004\102\004\065\004\073\004\114\004\101\004\102\004\062\004\076\000\040\004\102\004\065\004\076\004\100\004\065\004\074\004\113}{section*.49}% 60
